2022-09-14 00:08:23 [main] INFO  o.s.b.t.c.SpringBootTestContextBootstrapper - Neither @ContextConfiguration nor @ContextHierarchy found for test class [com.microservices.flash.bloop.censorshipservice.controller.SensitiveWordControllerTest], using SpringBootContextLoader
2022-09-14 00:08:23 [main] INFO  o.s.t.c.s.AbstractContextLoader - Could not detect default resource locations for test class [com.microservices.flash.bloop.censorshipservice.controller.SensitiveWordControllerTest]: no resource found for suffixes {-context.xml, Context.groovy}.
2022-09-14 00:08:23 [main] INFO  o.s.t.c.s.AnnotationConfigContextLoaderUtils - Could not detect default configuration classes for test class [com.microservices.flash.bloop.censorshipservice.controller.SensitiveWordControllerTest]: SensitiveWordControllerTest does not declare any static, non-private, non-final, nested classes annotated with @Configuration.
2022-09-14 00:08:24 [main] INFO  o.s.b.t.c.SpringBootTestContextBootstrapper - Found @SpringBootConfiguration com.microservices.flash.bloop.censorshipservice.BloopCensorshipServiceApplication for test class com.microservices.flash.bloop.censorshipservice.controller.SensitiveWordControllerTest
2022-09-14 00:08:24 [main] INFO  o.s.b.t.c.SpringBootTestContextBootstrapper - Loaded default TestExecutionListener class names from location [META-INF/spring.factories]: [org.springframework.boot.test.mock.mockito.MockitoTestExecutionListener, org.springframework.boot.test.mock.mockito.ResetMocksTestExecutionListener, org.springframework.boot.test.autoconfigure.restdocs.RestDocsTestExecutionListener, org.springframework.boot.test.autoconfigure.web.client.MockRestServiceServerResetTestExecutionListener, org.springframework.boot.test.autoconfigure.web.servlet.MockMvcPrintOnlyOnFailureTestExecutionListener, org.springframework.boot.test.autoconfigure.web.servlet.WebDriverTestExecutionListener, org.springframework.boot.test.autoconfigure.webservices.client.MockWebServiceServerTestExecutionListener, org.springframework.test.context.web.ServletTestExecutionListener, org.springframework.test.context.support.DirtiesContextBeforeModesTestExecutionListener, org.springframework.test.context.event.ApplicationEventsTestExecutionListener, org.springframework.test.context.support.DependencyInjectionTestExecutionListener, org.springframework.test.context.support.DirtiesContextTestExecutionListener, org.springframework.test.context.transaction.TransactionalTestExecutionListener, org.springframework.test.context.jdbc.SqlScriptsTestExecutionListener, org.springframework.test.context.event.EventPublishingTestExecutionListener]
2022-09-14 00:08:24 [main] INFO  o.s.b.t.c.SpringBootTestContextBootstrapper - Using TestExecutionListeners: [org.springframework.test.context.web.ServletTestExecutionListener@2f48b3d2, org.springframework.test.context.support.DirtiesContextBeforeModesTestExecutionListener@34f7234e, org.springframework.test.context.event.ApplicationEventsTestExecutionListener@753432a2, org.springframework.boot.test.mock.mockito.MockitoTestExecutionListener@23bff419, org.springframework.boot.test.autoconfigure.SpringBootDependencyInjectionTestExecutionListener@4983159f, org.springframework.test.context.support.DirtiesContextTestExecutionListener@44e3a2b2, org.springframework.test.context.transaction.TransactionalTestExecutionListener@101639ae, org.springframework.test.context.jdbc.SqlScriptsTestExecutionListener@4c550889, org.springframework.test.context.event.EventPublishingTestExecutionListener@1d2bd371, org.springframework.boot.test.mock.mockito.ResetMocksTestExecutionListener@44040454, org.springframework.boot.test.autoconfigure.restdocs.RestDocsTestExecutionListener@65fe9e33, org.springframework.boot.test.autoconfigure.web.client.MockRestServiceServerResetTestExecutionListener@18bc345, org.springframework.boot.test.autoconfigure.web.servlet.MockMvcPrintOnlyOnFailureTestExecutionListener@42f8285e, org.springframework.boot.test.autoconfigure.web.servlet.WebDriverTestExecutionListener@26bab2f1, org.springframework.boot.test.autoconfigure.webservices.client.MockWebServiceServerTestExecutionListener@3724af13]
2022-09-14 00:08:28 [background-preinit] INFO  o.h.validator.internal.util.Version - HV000001: Hibernate Validator 6.2.4.Final
2022-09-14 00:08:28 [main] INFO  o.s.c.c.c.ConfigServerConfigDataLoader - Fetching config from server at : http://localhost:8888
2022-09-14 00:08:28 [main] INFO  o.s.c.c.c.ConfigServerConfigDataLoader - Located environment: name=bloop-censorship-service, config-client, profiles=[bloop_censorship_service], label=null, version=a0cffd093c27898ec83d2d8e88694e9c603eba17, state=null
2022-09-14 00:08:31 [main] INFO  o.s.c.c.c.ConfigServicePropertySourceLocator - Fetching config from server at : http://localhost:8888
2022-09-14 00:08:34 [main] INFO  o.s.c.c.c.ConfigServicePropertySourceLocator - Located environment: name=bloop-censorship-service, config-client, profiles=[default], label=null, version=a0cffd093c27898ec83d2d8e88694e9c603eba17, state=null
2022-09-14 00:08:34 [main] INFO  o.s.c.b.c.PropertySourceBootstrapConfiguration - Located property source: [BootstrapPropertySource {name='bootstrapProperties-configClient'}, BootstrapPropertySource {name='bootstrapProperties-https://github.com/TafMandava/bloop-config.git/config-client.yml'}]
2022-09-14 00:08:34 [main] INFO  c.m.f.b.c.c.SensitiveWordControllerTest - The following 1 profile is active: "bloop_censorship_service"
2022-09-14 00:08:34 [main] INFO  o.s.c.c.c.ConfigServerConfigDataLoader - Fetching config from server at : http://localhost:8888
2022-09-14 00:08:34 [main] INFO  o.s.c.c.c.ConfigServerConfigDataLoader - Located environment: name=bloop-censorship-service, config-client, profiles=[bloop_censorship_service], label=null, version=a0cffd093c27898ec83d2d8e88694e9c603eba17, state=null
2022-09-14 00:08:35 [main] INFO  o.s.d.r.c.RepositoryConfigurationDelegate - Bootstrapping Spring Data JPA repositories in DEFAULT mode.
2022-09-14 00:08:35 [main] INFO  o.s.d.r.c.RepositoryConfigurationDelegate - Finished Spring Data repository scanning in 25 ms. Found 1 JPA repository interfaces.
2022-09-14 00:08:35 [main] INFO  o.s.cloud.context.scope.GenericScope - BeanFactory id=7056391c-908f-3afb-b0f3-49e9d25ea9f3
2022-09-14 00:08:35 [main] INFO  o.s.b.w.e.tomcat.TomcatWebServer - Tomcat initialized with port(s): 0 (http)
2022-09-14 00:08:35 [main] INFO  o.a.coyote.http11.Http11NioProtocol - Initializing ProtocolHandler ["http-nio-auto-1"]
2022-09-14 00:08:35 [main] INFO  o.a.catalina.core.StandardService - Starting service [Tomcat]
2022-09-14 00:08:35 [main] INFO  o.a.catalina.core.StandardEngine - Starting Servlet engine: [Apache Tomcat/9.0.65]
2022-09-14 00:08:35 [main] INFO  o.a.c.c.C.[Tomcat].[localhost].[/] - Initializing Spring embedded WebApplicationContext
2022-09-14 00:08:35 [main] INFO  o.s.b.w.s.c.ServletWebServerApplicationContext - Root WebApplicationContext: initialization completed in 870 ms
2022-09-14 00:08:35 [main] DEBUG com.zaxxer.hikari.HikariConfig - Driver class com.mysql.cj.jdbc.Driver found in Thread context class loader jdk.internal.loader.ClassLoaders$AppClassLoader@42110406
2022-09-14 00:08:35 [main] INFO  o.h.jpa.internal.util.LogHelper - HHH000204: Processing PersistenceUnitInfo [name: default]
2022-09-14 00:08:35 [main] INFO  org.hibernate.Version - HHH000412: Hibernate ORM core version 5.6.10.Final
2022-09-14 00:08:36 [main] INFO  o.h.annotations.common.Version - HCANN000001: Hibernate Commons Annotations {5.1.2.Final}
2022-09-14 00:08:36 [main] DEBUG com.zaxxer.hikari.HikariConfig - HikariPool-1 - configuration:
2022-09-14 00:08:36 [main] DEBUG com.zaxxer.hikari.HikariConfig - allowPoolSuspension................................false
2022-09-14 00:08:36 [main] DEBUG com.zaxxer.hikari.HikariConfig - autoCommit................................true
2022-09-14 00:08:36 [main] DEBUG com.zaxxer.hikari.HikariConfig - catalog................................none
2022-09-14 00:08:36 [main] DEBUG com.zaxxer.hikari.HikariConfig - connectionInitSql................................none
2022-09-14 00:08:36 [main] DEBUG com.zaxxer.hikari.HikariConfig - connectionTestQuery................................none
2022-09-14 00:08:36 [main] DEBUG com.zaxxer.hikari.HikariConfig - connectionTimeout................................30000
2022-09-14 00:08:36 [main] DEBUG com.zaxxer.hikari.HikariConfig - dataSource................................none
2022-09-14 00:08:36 [main] DEBUG com.zaxxer.hikari.HikariConfig - dataSourceClassName................................none
2022-09-14 00:08:36 [main] DEBUG com.zaxxer.hikari.HikariConfig - dataSourceJNDI................................none
2022-09-14 00:08:36 [main] DEBUG com.zaxxer.hikari.HikariConfig - dataSourceProperties................................{maintainTimeStats=false, password=<masked>, rewriteBatchedStatements=true, prepStmtCacheSqlLimit=2048, elideSetAutoCommits=true, cacheResultSetMetadata=true, cachePrepStmts=true, prepStmtCacheSize=250, useServerPrepStmts=true, useLocalSessionState=true, cacheServerConfiguration=true}
2022-09-14 00:08:36 [main] DEBUG com.zaxxer.hikari.HikariConfig - driverClassName................................"com.mysql.cj.jdbc.Driver"
2022-09-14 00:08:36 [main] DEBUG com.zaxxer.hikari.HikariConfig - exceptionOverrideClassName................................none
2022-09-14 00:08:36 [main] DEBUG com.zaxxer.hikari.HikariConfig - healthCheckProperties................................{}
2022-09-14 00:08:36 [main] DEBUG com.zaxxer.hikari.HikariConfig - healthCheckRegistry................................none
2022-09-14 00:08:36 [main] DEBUG com.zaxxer.hikari.HikariConfig - idleTimeout................................600000
2022-09-14 00:08:36 [main] DEBUG com.zaxxer.hikari.HikariConfig - initializationFailTimeout................................1
2022-09-14 00:08:36 [main] DEBUG com.zaxxer.hikari.HikariConfig - isolateInternalQueries................................false
2022-09-14 00:08:36 [main] DEBUG com.zaxxer.hikari.HikariConfig - jdbcUrl................................jdbc:mysql://127.0.0.1:3306/bloop?useUnicode=true&characterEncoding=UTF-8&serverTimezone=UTC
2022-09-14 00:08:36 [main] DEBUG com.zaxxer.hikari.HikariConfig - keepaliveTime................................0
2022-09-14 00:08:36 [main] DEBUG com.zaxxer.hikari.HikariConfig - leakDetectionThreshold................................0
2022-09-14 00:08:36 [main] DEBUG com.zaxxer.hikari.HikariConfig - maxLifetime................................1800000
2022-09-14 00:08:36 [main] DEBUG com.zaxxer.hikari.HikariConfig - maximumPoolSize................................5
2022-09-14 00:08:36 [main] DEBUG com.zaxxer.hikari.HikariConfig - metricRegistry................................none
2022-09-14 00:08:36 [main] DEBUG com.zaxxer.hikari.HikariConfig - metricsTrackerFactory................................none
2022-09-14 00:08:36 [main] DEBUG com.zaxxer.hikari.HikariConfig - minimumIdle................................5
2022-09-14 00:08:36 [main] DEBUG com.zaxxer.hikari.HikariConfig - password................................<masked>
2022-09-14 00:08:36 [main] DEBUG com.zaxxer.hikari.HikariConfig - poolName................................"HikariPool-1"
2022-09-14 00:08:36 [main] DEBUG com.zaxxer.hikari.HikariConfig - readOnly................................false
2022-09-14 00:08:36 [main] DEBUG com.zaxxer.hikari.HikariConfig - registerMbeans................................false
2022-09-14 00:08:36 [main] DEBUG com.zaxxer.hikari.HikariConfig - scheduledExecutor................................none
2022-09-14 00:08:36 [main] DEBUG com.zaxxer.hikari.HikariConfig - schema................................none
2022-09-14 00:08:36 [main] DEBUG com.zaxxer.hikari.HikariConfig - threadFactory................................internal
2022-09-14 00:08:36 [main] DEBUG com.zaxxer.hikari.HikariConfig - transactionIsolation................................default
2022-09-14 00:08:36 [main] DEBUG com.zaxxer.hikari.HikariConfig - username................................"bloop"
2022-09-14 00:08:36 [main] DEBUG com.zaxxer.hikari.HikariConfig - validationTimeout................................5000
2022-09-14 00:08:36 [main] INFO  com.zaxxer.hikari.HikariDataSource - HikariPool-1 - Starting...
2022-09-14 00:08:36 [main] INFO  com.zaxxer.hikari.HikariDataSource - HikariPool-1 - Start completed.
2022-09-14 00:08:36 [main] INFO  org.hibernate.dialect.Dialect - HHH000400: Using dialect: org.hibernate.dialect.MySQL8Dialect
2022-09-14 00:08:36 [main] INFO  o.h.e.t.j.p.i.JtaPlatformInitiator - HHH000490: Using JtaPlatform implementation: [org.hibernate.engine.transaction.jta.platform.internal.NoJtaPlatform]
2022-09-14 00:08:37 [main] INFO  o.s.o.j.LocalContainerEntityManagerFactoryBean - Initialized JPA EntityManagerFactory for persistence unit 'default'
2022-09-14 00:08:37 [main] WARN  o.s.b.a.o.j.JpaBaseConfiguration$JpaWebConfiguration - spring.jpa.open-in-view is enabled by default. Therefore, database queries may be performed during view rendering. Explicitly configure spring.jpa.open-in-view to disable this warning
2022-09-14 00:08:38 [main] INFO  o.a.coyote.http11.Http11NioProtocol - Starting ProtocolHandler ["http-nio-auto-1"]
2022-09-14 00:08:38 [main] INFO  o.s.b.w.e.tomcat.TomcatWebServer - Tomcat started on port(s): 56812 (http) with context path ''
2022-09-14 00:08:38 [main] INFO  c.m.f.b.c.c.SensitiveWordControllerTest - Started SensitiveWordControllerTest in 14.244 seconds (JVM running for 15.066)
2022-09-14 00:08:38 [main] DEBUG org.hibernate.SQL - select count(*) as col_0_0_ from sensitive_word sensitivew0_
2022-09-14 00:08:38 [http-nio-auto-1-exec-1] INFO  o.a.c.c.C.[Tomcat].[localhost].[/] - Initializing Spring DispatcherServlet 'dispatcherServlet'
2022-09-14 00:08:38 [http-nio-auto-1-exec-1] INFO  o.s.web.servlet.DispatcherServlet - Initializing Servlet 'dispatcherServlet'
2022-09-14 00:08:38 [http-nio-auto-1-exec-1] INFO  o.s.web.servlet.DispatcherServlet - Completed initialization in 1 ms
2022-09-14 00:08:38 [http-nio-auto-1-exec-1] DEBUG org.hibernate.SQL - select sensitivew0_.id as id1_0_, sensitivew0_.created_date as created_2_0_, sensitivew0_.last_modified_date as last_mod3_0_, sensitivew0_.text as text4_0_, sensitivew0_.version as version5_0_ from sensitive_word sensitivew0_
2022-09-14 00:08:38 [SpringApplicationShutdownHook] INFO  o.s.o.j.LocalContainerEntityManagerFactoryBean - Closing JPA EntityManagerFactory for persistence unit 'default'
2022-09-14 00:08:38 [SpringApplicationShutdownHook] INFO  com.zaxxer.hikari.HikariDataSource - HikariPool-1 - Shutdown initiated...
2022-09-14 00:08:38 [SpringApplicationShutdownHook] INFO  com.zaxxer.hikari.HikariDataSource - HikariPool-1 - Shutdown completed.
2022-09-14 00:08:55 [main] INFO  o.s.b.t.a.o.j.DataJpaTestContextBootstrapper - Neither @ContextConfiguration nor @ContextHierarchy found for test class [com.microservices.flash.bloop.censorshipservice.repositories.SensitiveWordRepositoryTest], using SpringBootContextLoader
2022-09-14 00:08:55 [main] INFO  o.s.t.c.s.AbstractContextLoader - Could not detect default resource locations for test class [com.microservices.flash.bloop.censorshipservice.repositories.SensitiveWordRepositoryTest]: no resource found for suffixes {-context.xml, Context.groovy}.
2022-09-14 00:08:55 [main] INFO  o.s.t.c.s.AnnotationConfigContextLoaderUtils - Could not detect default configuration classes for test class [com.microservices.flash.bloop.censorshipservice.repositories.SensitiveWordRepositoryTest]: SensitiveWordRepositoryTest does not declare any static, non-private, non-final, nested classes annotated with @Configuration.
2022-09-14 00:08:55 [main] INFO  o.s.b.t.c.SpringBootTestContextBootstrapper - Found @SpringBootConfiguration com.microservices.flash.bloop.censorshipservice.BloopCensorshipServiceApplication for test class com.microservices.flash.bloop.censorshipservice.repositories.SensitiveWordRepositoryTest
2022-09-14 00:08:55 [main] INFO  o.s.b.t.a.o.j.DataJpaTestContextBootstrapper - Loaded default TestExecutionListener class names from location [META-INF/spring.factories]: [org.springframework.boot.test.mock.mockito.MockitoTestExecutionListener, org.springframework.boot.test.mock.mockito.ResetMocksTestExecutionListener, org.springframework.boot.test.autoconfigure.restdocs.RestDocsTestExecutionListener, org.springframework.boot.test.autoconfigure.web.client.MockRestServiceServerResetTestExecutionListener, org.springframework.boot.test.autoconfigure.web.servlet.MockMvcPrintOnlyOnFailureTestExecutionListener, org.springframework.boot.test.autoconfigure.web.servlet.WebDriverTestExecutionListener, org.springframework.boot.test.autoconfigure.webservices.client.MockWebServiceServerTestExecutionListener, org.springframework.test.context.web.ServletTestExecutionListener, org.springframework.test.context.support.DirtiesContextBeforeModesTestExecutionListener, org.springframework.test.context.event.ApplicationEventsTestExecutionListener, org.springframework.test.context.support.DependencyInjectionTestExecutionListener, org.springframework.test.context.support.DirtiesContextTestExecutionListener, org.springframework.test.context.transaction.TransactionalTestExecutionListener, org.springframework.test.context.jdbc.SqlScriptsTestExecutionListener, org.springframework.test.context.event.EventPublishingTestExecutionListener]
2022-09-14 00:08:55 [main] INFO  o.s.b.t.a.o.j.DataJpaTestContextBootstrapper - Using TestExecutionListeners: [org.springframework.test.context.web.ServletTestExecutionListener@16fdec90, org.springframework.test.context.support.DirtiesContextBeforeModesTestExecutionListener@1afdd473, org.springframework.test.context.event.ApplicationEventsTestExecutionListener@40238dd0, org.springframework.boot.test.mock.mockito.MockitoTestExecutionListener@7776ab, org.springframework.boot.test.autoconfigure.SpringBootDependencyInjectionTestExecutionListener@79179359, org.springframework.test.context.support.DirtiesContextTestExecutionListener@dbd8e44, org.springframework.test.context.transaction.TransactionalTestExecutionListener@51acdf2e, org.springframework.test.context.jdbc.SqlScriptsTestExecutionListener@6a55299e, org.springframework.test.context.event.EventPublishingTestExecutionListener@2f1de2d6, org.springframework.boot.test.mock.mockito.ResetMocksTestExecutionListener@4eb386df, org.springframework.boot.test.autoconfigure.restdocs.RestDocsTestExecutionListener@79517588, org.springframework.boot.test.autoconfigure.web.client.MockRestServiceServerResetTestExecutionListener@3a0baae5, org.springframework.boot.test.autoconfigure.web.servlet.MockMvcPrintOnlyOnFailureTestExecutionListener@7ac0e420, org.springframework.boot.test.autoconfigure.web.servlet.WebDriverTestExecutionListener@289710d9, org.springframework.boot.test.autoconfigure.webservices.client.MockWebServiceServerTestExecutionListener@5a18cd76]
2022-09-14 00:08:58 [background-preinit] INFO  o.h.validator.internal.util.Version - HV000001: Hibernate Validator 6.2.4.Final
2022-09-14 00:08:58 [main] INFO  o.s.c.c.c.ConfigServerConfigDataLoader - Fetching config from server at : http://localhost:8888
2022-09-14 00:08:58 [main] INFO  o.s.c.c.c.ConfigServerConfigDataLoader - Located environment: name=bloop-censorship-service, config-client, profiles=[bloop_censorship_service], label=null, version=a0cffd093c27898ec83d2d8e88694e9c603eba17, state=null
2022-09-14 00:09:02 [main] INFO  o.s.c.c.c.ConfigServicePropertySourceLocator - Fetching config from server at : http://localhost:8888
2022-09-14 00:09:05 [main] INFO  o.s.c.c.c.ConfigServicePropertySourceLocator - Located environment: name=bloop-censorship-service, config-client, profiles=[default], label=null, version=a0cffd093c27898ec83d2d8e88694e9c603eba17, state=null
2022-09-14 00:09:05 [main] INFO  o.s.c.b.c.PropertySourceBootstrapConfiguration - Located property source: [BootstrapPropertySource {name='bootstrapProperties-configClient'}, BootstrapPropertySource {name='bootstrapProperties-https://github.com/TafMandava/bloop-config.git/config-client.yml'}]
2022-09-14 00:09:05 [main] INFO  c.m.f.b.c.r.SensitiveWordRepositoryTest - The following 1 profile is active: "bloop_censorship_service"
2022-09-14 00:09:05 [main] INFO  o.s.c.c.c.ConfigServerConfigDataLoader - Fetching config from server at : http://localhost:8888
2022-09-14 00:09:05 [main] INFO  o.s.c.c.c.ConfigServerConfigDataLoader - Located environment: name=bloop-censorship-service, config-client, profiles=[bloop_censorship_service], label=null, version=a0cffd093c27898ec83d2d8e88694e9c603eba17, state=null
2022-09-14 00:09:05 [main] INFO  o.s.d.r.c.RepositoryConfigurationDelegate - Bootstrapping Spring Data JPA repositories in DEFAULT mode.
2022-09-14 00:09:05 [main] INFO  o.s.d.r.c.RepositoryConfigurationDelegate - Finished Spring Data repository scanning in 29 ms. Found 1 JPA repository interfaces.
2022-09-14 00:09:05 [main] DEBUG com.zaxxer.hikari.HikariConfig - Driver class com.mysql.cj.jdbc.Driver found in Thread context class loader jdk.internal.loader.ClassLoaders$AppClassLoader@42110406
2022-09-14 00:09:05 [main] INFO  o.h.jpa.internal.util.LogHelper - HHH000204: Processing PersistenceUnitInfo [name: default]
2022-09-14 00:09:05 [main] INFO  org.hibernate.Version - HHH000412: Hibernate ORM core version 5.6.10.Final
2022-09-14 00:09:05 [main] INFO  o.h.annotations.common.Version - HCANN000001: Hibernate Commons Annotations {5.1.2.Final}
2022-09-14 00:09:05 [main] DEBUG com.zaxxer.hikari.HikariConfig - HikariPool-1 - configuration:
2022-09-14 00:09:05 [main] DEBUG com.zaxxer.hikari.HikariConfig - allowPoolSuspension................................false
2022-09-14 00:09:05 [main] DEBUG com.zaxxer.hikari.HikariConfig - autoCommit................................true
2022-09-14 00:09:05 [main] DEBUG com.zaxxer.hikari.HikariConfig - catalog................................none
2022-09-14 00:09:05 [main] DEBUG com.zaxxer.hikari.HikariConfig - connectionInitSql................................none
2022-09-14 00:09:05 [main] DEBUG com.zaxxer.hikari.HikariConfig - connectionTestQuery................................none
2022-09-14 00:09:05 [main] DEBUG com.zaxxer.hikari.HikariConfig - connectionTimeout................................30000
2022-09-14 00:09:05 [main] DEBUG com.zaxxer.hikari.HikariConfig - dataSource................................none
2022-09-14 00:09:05 [main] DEBUG com.zaxxer.hikari.HikariConfig - dataSourceClassName................................none
2022-09-14 00:09:05 [main] DEBUG com.zaxxer.hikari.HikariConfig - dataSourceJNDI................................none
2022-09-14 00:09:05 [main] DEBUG com.zaxxer.hikari.HikariConfig - dataSourceProperties................................{maintainTimeStats=false, password=<masked>, rewriteBatchedStatements=true, prepStmtCacheSqlLimit=2048, elideSetAutoCommits=true, cacheResultSetMetadata=true, cachePrepStmts=true, prepStmtCacheSize=250, useServerPrepStmts=true, useLocalSessionState=true, cacheServerConfiguration=true}
2022-09-14 00:09:05 [main] DEBUG com.zaxxer.hikari.HikariConfig - driverClassName................................"com.mysql.cj.jdbc.Driver"
2022-09-14 00:09:05 [main] DEBUG com.zaxxer.hikari.HikariConfig - exceptionOverrideClassName................................none
2022-09-14 00:09:05 [main] DEBUG com.zaxxer.hikari.HikariConfig - healthCheckProperties................................{}
2022-09-14 00:09:05 [main] DEBUG com.zaxxer.hikari.HikariConfig - healthCheckRegistry................................none
2022-09-14 00:09:05 [main] DEBUG com.zaxxer.hikari.HikariConfig - idleTimeout................................600000
2022-09-14 00:09:05 [main] DEBUG com.zaxxer.hikari.HikariConfig - initializationFailTimeout................................1
2022-09-14 00:09:05 [main] DEBUG com.zaxxer.hikari.HikariConfig - isolateInternalQueries................................false
2022-09-14 00:09:05 [main] DEBUG com.zaxxer.hikari.HikariConfig - jdbcUrl................................jdbc:mysql://127.0.0.1:3306/bloop?useUnicode=true&characterEncoding=UTF-8&serverTimezone=UTC
2022-09-14 00:09:05 [main] DEBUG com.zaxxer.hikari.HikariConfig - keepaliveTime................................0
2022-09-14 00:09:05 [main] DEBUG com.zaxxer.hikari.HikariConfig - leakDetectionThreshold................................0
2022-09-14 00:09:05 [main] DEBUG com.zaxxer.hikari.HikariConfig - maxLifetime................................1800000
2022-09-14 00:09:05 [main] DEBUG com.zaxxer.hikari.HikariConfig - maximumPoolSize................................5
2022-09-14 00:09:05 [main] DEBUG com.zaxxer.hikari.HikariConfig - metricRegistry................................none
2022-09-14 00:09:05 [main] DEBUG com.zaxxer.hikari.HikariConfig - metricsTrackerFactory................................none
2022-09-14 00:09:05 [main] DEBUG com.zaxxer.hikari.HikariConfig - minimumIdle................................5
2022-09-14 00:09:05 [main] DEBUG com.zaxxer.hikari.HikariConfig - password................................<masked>
2022-09-14 00:09:05 [main] DEBUG com.zaxxer.hikari.HikariConfig - poolName................................"HikariPool-1"
2022-09-14 00:09:05 [main] DEBUG com.zaxxer.hikari.HikariConfig - readOnly................................false
2022-09-14 00:09:05 [main] DEBUG com.zaxxer.hikari.HikariConfig - registerMbeans................................false
2022-09-14 00:09:05 [main] DEBUG com.zaxxer.hikari.HikariConfig - scheduledExecutor................................none
2022-09-14 00:09:05 [main] DEBUG com.zaxxer.hikari.HikariConfig - schema................................none
2022-09-14 00:09:05 [main] DEBUG com.zaxxer.hikari.HikariConfig - threadFactory................................internal
2022-09-14 00:09:05 [main] DEBUG com.zaxxer.hikari.HikariConfig - transactionIsolation................................default
2022-09-14 00:09:05 [main] DEBUG com.zaxxer.hikari.HikariConfig - username................................"bloop"
2022-09-14 00:09:05 [main] DEBUG com.zaxxer.hikari.HikariConfig - validationTimeout................................5000
2022-09-14 00:09:05 [main] INFO  com.zaxxer.hikari.HikariDataSource - HikariPool-1 - Starting...
2022-09-14 00:09:05 [main] INFO  com.zaxxer.hikari.HikariDataSource - HikariPool-1 - Start completed.
2022-09-14 00:09:05 [main] INFO  org.hibernate.dialect.Dialect - HHH000400: Using dialect: org.hibernate.dialect.MySQL8Dialect
2022-09-14 00:09:06 [main] INFO  o.h.e.t.j.p.i.JtaPlatformInitiator - HHH000490: Using JtaPlatform implementation: [org.hibernate.engine.transaction.jta.platform.internal.NoJtaPlatform]
2022-09-14 00:09:06 [main] INFO  o.s.o.j.LocalContainerEntityManagerFactoryBean - Initialized JPA EntityManagerFactory for persistence unit 'default'
2022-09-14 00:09:07 [main] INFO  c.m.f.b.c.r.SensitiveWordRepositoryTest - Started SensitiveWordRepositoryTest in 11.963 seconds (JVM running for 12.585)
2022-09-14 00:09:07 [main] INFO  o.s.t.c.t.TransactionContext - Began transaction (1) for test context [DefaultTestContext@25b402ea testClass = SensitiveWordRepositoryTest, testInstance = com.microservices.flash.bloop.censorshipservice.repositories.SensitiveWordRepositoryTest@2fccd98f, testMethod = testFindByTextIgnoreCaseContaining@SensitiveWordRepositoryTest, testException = [null], mergedContextConfiguration = [MergedContextConfiguration@309e7215 testClass = SensitiveWordRepositoryTest, locations = '{}', classes = '{class com.microservices.flash.bloop.censorshipservice.BloopCensorshipServiceApplication}', contextInitializerClasses = '[]', activeProfiles = '{}', propertySourceLocations = '{}', propertySourceProperties = '{org.springframework.boot.test.autoconfigure.orm.jpa.DataJpaTestContextBootstrapper=true}', contextCustomizers = set[[ImportsContextCustomizer@1b30b6f8 key = [org.springframework.boot.autoconfigure.cache.CacheAutoConfiguration, org.springframework.boot.autoconfigure.data.jpa.JpaRepositoriesAutoConfiguration, org.springframework.boot.autoconfigure.flyway.FlywayAutoConfiguration, org.springframework.boot.autoconfigure.jdbc.DataSourceAutoConfiguration, org.springframework.boot.autoconfigure.jdbc.DataSourceTransactionManagerAutoConfiguration, org.springframework.boot.autoconfigure.jdbc.JdbcTemplateAutoConfiguration, org.springframework.boot.autoconfigure.liquibase.LiquibaseAutoConfiguration, org.springframework.boot.autoconfigure.orm.jpa.HibernateJpaAutoConfiguration, org.springframework.boot.autoconfigure.sql.init.SqlInitializationAutoConfiguration, org.springframework.boot.autoconfigure.transaction.TransactionAutoConfiguration, org.springframework.boot.test.autoconfigure.jdbc.TestDatabaseAutoConfiguration, org.springframework.boot.test.autoconfigure.orm.jpa.TestEntityManagerAutoConfiguration]], org.springframework.boot.test.context.filter.ExcludeFilterContextCustomizer@7cb502c, org.springframework.boot.test.json.DuplicateJsonObjectContextCustomizerFactory$DuplicateJsonObjectContextCustomizer@4fbe37eb, org.springframework.boot.test.mock.mockito.MockitoContextCustomizer@0, org.springframework.boot.test.autoconfigure.OverrideAutoConfigurationContextCustomizerFactory$DisableAutoConfigurationContextCustomizer@2609b277, org.springframework.boot.test.autoconfigure.actuate.metrics.MetricsExportContextCustomizerFactory$DisableMetricExportContextCustomizer@3eb81efb, org.springframework.boot.test.autoconfigure.filter.TypeExcludeFiltersContextCustomizer@351584c0, org.springframework.boot.test.autoconfigure.properties.PropertyMappingContextCustomizer@487d3bcf, org.springframework.boot.test.autoconfigure.web.servlet.WebDriverContextCustomizerFactory$Customizer@1fb19a0, org.springframework.boot.test.context.SpringBootTestArgs@1, org.springframework.boot.test.context.SpringBootTestWebEnvironment@0], contextLoader = 'org.springframework.boot.test.context.SpringBootContextLoader', parent = [null]], attributes = map['org.springframework.test.context.event.ApplicationEventsTestExecutionListener.recordApplicationEvents' -> false]]; transaction manager [org.springframework.orm.jpa.JpaTransactionManager@796cf2b5]; rollback [true]
2022-09-14 00:09:07 [main] DEBUG org.hibernate.SQL - select sensitivew0_.id as id1_0_, sensitivew0_.created_date as created_2_0_, sensitivew0_.last_modified_date as last_mod3_0_, sensitivew0_.text as text4_0_, sensitivew0_.version as version5_0_ from sensitive_word sensitivew0_ where upper(sensitivew0_.text) like upper(?) escape ?
2022-09-14 00:09:07 [main] TRACE o.h.type.descriptor.sql.BasicBinder - binding parameter [1] as [VARCHAR] - [%SELECT * FROM%]
2022-09-14 00:09:07 [main] TRACE o.h.type.descriptor.sql.BasicBinder - binding parameter [2] as [CHAR] - [\]
2022-09-14 00:09:07 [main] INFO  o.s.t.c.t.TransactionContext - Rolled back transaction for test: [DefaultTestContext@25b402ea testClass = SensitiveWordRepositoryTest, testInstance = com.microservices.flash.bloop.censorshipservice.repositories.SensitiveWordRepositoryTest@2fccd98f, testMethod = testFindByTextIgnoreCaseContaining@SensitiveWordRepositoryTest, testException = [null], mergedContextConfiguration = [MergedContextConfiguration@309e7215 testClass = SensitiveWordRepositoryTest, locations = '{}', classes = '{class com.microservices.flash.bloop.censorshipservice.BloopCensorshipServiceApplication}', contextInitializerClasses = '[]', activeProfiles = '{}', propertySourceLocations = '{}', propertySourceProperties = '{org.springframework.boot.test.autoconfigure.orm.jpa.DataJpaTestContextBootstrapper=true}', contextCustomizers = set[[ImportsContextCustomizer@1b30b6f8 key = [org.springframework.boot.autoconfigure.cache.CacheAutoConfiguration, org.springframework.boot.autoconfigure.data.jpa.JpaRepositoriesAutoConfiguration, org.springframework.boot.autoconfigure.flyway.FlywayAutoConfiguration, org.springframework.boot.autoconfigure.jdbc.DataSourceAutoConfiguration, org.springframework.boot.autoconfigure.jdbc.DataSourceTransactionManagerAutoConfiguration, org.springframework.boot.autoconfigure.jdbc.JdbcTemplateAutoConfiguration, org.springframework.boot.autoconfigure.liquibase.LiquibaseAutoConfiguration, org.springframework.boot.autoconfigure.orm.jpa.HibernateJpaAutoConfiguration, org.springframework.boot.autoconfigure.sql.init.SqlInitializationAutoConfiguration, org.springframework.boot.autoconfigure.transaction.TransactionAutoConfiguration, org.springframework.boot.test.autoconfigure.jdbc.TestDatabaseAutoConfiguration, org.springframework.boot.test.autoconfigure.orm.jpa.TestEntityManagerAutoConfiguration]], org.springframework.boot.test.context.filter.ExcludeFilterContextCustomizer@7cb502c, org.springframework.boot.test.json.DuplicateJsonObjectContextCustomizerFactory$DuplicateJsonObjectContextCustomizer@4fbe37eb, org.springframework.boot.test.mock.mockito.MockitoContextCustomizer@0, org.springframework.boot.test.autoconfigure.OverrideAutoConfigurationContextCustomizerFactory$DisableAutoConfigurationContextCustomizer@2609b277, org.springframework.boot.test.autoconfigure.actuate.metrics.MetricsExportContextCustomizerFactory$DisableMetricExportContextCustomizer@3eb81efb, org.springframework.boot.test.autoconfigure.filter.TypeExcludeFiltersContextCustomizer@351584c0, org.springframework.boot.test.autoconfigure.properties.PropertyMappingContextCustomizer@487d3bcf, org.springframework.boot.test.autoconfigure.web.servlet.WebDriverContextCustomizerFactory$Customizer@1fb19a0, org.springframework.boot.test.context.SpringBootTestArgs@1, org.springframework.boot.test.context.SpringBootTestWebEnvironment@0], contextLoader = 'org.springframework.boot.test.context.SpringBootContextLoader', parent = [null]], attributes = map['org.springframework.test.context.event.ApplicationEventsTestExecutionListener.recordApplicationEvents' -> false]]
2022-09-14 00:09:07 [main] INFO  o.s.t.c.t.TransactionContext - Began transaction (1) for test context [DefaultTestContext@25b402ea testClass = SensitiveWordRepositoryTest, testInstance = com.microservices.flash.bloop.censorshipservice.repositories.SensitiveWordRepositoryTest@43cf97a8, testMethod = testCreateSensitiveWords@SensitiveWordRepositoryTest, testException = [null], mergedContextConfiguration = [MergedContextConfiguration@309e7215 testClass = SensitiveWordRepositoryTest, locations = '{}', classes = '{class com.microservices.flash.bloop.censorshipservice.BloopCensorshipServiceApplication}', contextInitializerClasses = '[]', activeProfiles = '{}', propertySourceLocations = '{}', propertySourceProperties = '{org.springframework.boot.test.autoconfigure.orm.jpa.DataJpaTestContextBootstrapper=true}', contextCustomizers = set[[ImportsContextCustomizer@1b30b6f8 key = [org.springframework.boot.autoconfigure.cache.CacheAutoConfiguration, org.springframework.boot.autoconfigure.data.jpa.JpaRepositoriesAutoConfiguration, org.springframework.boot.autoconfigure.flyway.FlywayAutoConfiguration, org.springframework.boot.autoconfigure.jdbc.DataSourceAutoConfiguration, org.springframework.boot.autoconfigure.jdbc.DataSourceTransactionManagerAutoConfiguration, org.springframework.boot.autoconfigure.jdbc.JdbcTemplateAutoConfiguration, org.springframework.boot.autoconfigure.liquibase.LiquibaseAutoConfiguration, org.springframework.boot.autoconfigure.orm.jpa.HibernateJpaAutoConfiguration, org.springframework.boot.autoconfigure.sql.init.SqlInitializationAutoConfiguration, org.springframework.boot.autoconfigure.transaction.TransactionAutoConfiguration, org.springframework.boot.test.autoconfigure.jdbc.TestDatabaseAutoConfiguration, org.springframework.boot.test.autoconfigure.orm.jpa.TestEntityManagerAutoConfiguration]], org.springframework.boot.test.context.filter.ExcludeFilterContextCustomizer@7cb502c, org.springframework.boot.test.json.DuplicateJsonObjectContextCustomizerFactory$DuplicateJsonObjectContextCustomizer@4fbe37eb, org.springframework.boot.test.mock.mockito.MockitoContextCustomizer@0, org.springframework.boot.test.autoconfigure.OverrideAutoConfigurationContextCustomizerFactory$DisableAutoConfigurationContextCustomizer@2609b277, org.springframework.boot.test.autoconfigure.actuate.metrics.MetricsExportContextCustomizerFactory$DisableMetricExportContextCustomizer@3eb81efb, org.springframework.boot.test.autoconfigure.filter.TypeExcludeFiltersContextCustomizer@351584c0, org.springframework.boot.test.autoconfigure.properties.PropertyMappingContextCustomizer@487d3bcf, org.springframework.boot.test.autoconfigure.web.servlet.WebDriverContextCustomizerFactory$Customizer@1fb19a0, org.springframework.boot.test.context.SpringBootTestArgs@1, org.springframework.boot.test.context.SpringBootTestWebEnvironment@0], contextLoader = 'org.springframework.boot.test.context.SpringBootContextLoader', parent = [null]], attributes = map['org.springframework.test.context.event.ApplicationEventsTestExecutionListener.recordApplicationEvents' -> false]]; transaction manager [org.springframework.orm.jpa.JpaTransactionManager@796cf2b5]; rollback [true]
2022-09-14 00:09:07 [main] INFO  o.s.t.c.t.TransactionContext - Rolled back transaction for test: [DefaultTestContext@25b402ea testClass = SensitiveWordRepositoryTest, testInstance = com.microservices.flash.bloop.censorshipservice.repositories.SensitiveWordRepositoryTest@43cf97a8, testMethod = testCreateSensitiveWords@SensitiveWordRepositoryTest, testException = [null], mergedContextConfiguration = [MergedContextConfiguration@309e7215 testClass = SensitiveWordRepositoryTest, locations = '{}', classes = '{class com.microservices.flash.bloop.censorshipservice.BloopCensorshipServiceApplication}', contextInitializerClasses = '[]', activeProfiles = '{}', propertySourceLocations = '{}', propertySourceProperties = '{org.springframework.boot.test.autoconfigure.orm.jpa.DataJpaTestContextBootstrapper=true}', contextCustomizers = set[[ImportsContextCustomizer@1b30b6f8 key = [org.springframework.boot.autoconfigure.cache.CacheAutoConfiguration, org.springframework.boot.autoconfigure.data.jpa.JpaRepositoriesAutoConfiguration, org.springframework.boot.autoconfigure.flyway.FlywayAutoConfiguration, org.springframework.boot.autoconfigure.jdbc.DataSourceAutoConfiguration, org.springframework.boot.autoconfigure.jdbc.DataSourceTransactionManagerAutoConfiguration, org.springframework.boot.autoconfigure.jdbc.JdbcTemplateAutoConfiguration, org.springframework.boot.autoconfigure.liquibase.LiquibaseAutoConfiguration, org.springframework.boot.autoconfigure.orm.jpa.HibernateJpaAutoConfiguration, org.springframework.boot.autoconfigure.sql.init.SqlInitializationAutoConfiguration, org.springframework.boot.autoconfigure.transaction.TransactionAutoConfiguration, org.springframework.boot.test.autoconfigure.jdbc.TestDatabaseAutoConfiguration, org.springframework.boot.test.autoconfigure.orm.jpa.TestEntityManagerAutoConfiguration]], org.springframework.boot.test.context.filter.ExcludeFilterContextCustomizer@7cb502c, org.springframework.boot.test.json.DuplicateJsonObjectContextCustomizerFactory$DuplicateJsonObjectContextCustomizer@4fbe37eb, org.springframework.boot.test.mock.mockito.MockitoContextCustomizer@0, org.springframework.boot.test.autoconfigure.OverrideAutoConfigurationContextCustomizerFactory$DisableAutoConfigurationContextCustomizer@2609b277, org.springframework.boot.test.autoconfigure.actuate.metrics.MetricsExportContextCustomizerFactory$DisableMetricExportContextCustomizer@3eb81efb, org.springframework.boot.test.autoconfigure.filter.TypeExcludeFiltersContextCustomizer@351584c0, org.springframework.boot.test.autoconfigure.properties.PropertyMappingContextCustomizer@487d3bcf, org.springframework.boot.test.autoconfigure.web.servlet.WebDriverContextCustomizerFactory$Customizer@1fb19a0, org.springframework.boot.test.context.SpringBootTestArgs@1, org.springframework.boot.test.context.SpringBootTestWebEnvironment@0], contextLoader = 'org.springframework.boot.test.context.SpringBootContextLoader', parent = [null]], attributes = map['org.springframework.test.context.event.ApplicationEventsTestExecutionListener.recordApplicationEvents' -> false]]
2022-09-14 00:09:07 [SpringApplicationShutdownHook] INFO  o.s.o.j.LocalContainerEntityManagerFactoryBean - Closing JPA EntityManagerFactory for persistence unit 'default'
2022-09-14 00:09:07 [SpringApplicationShutdownHook] INFO  com.zaxxer.hikari.HikariDataSource - HikariPool-1 - Shutdown initiated...
2022-09-14 00:09:07 [SpringApplicationShutdownHook] INFO  com.zaxxer.hikari.HikariDataSource - HikariPool-1 - Shutdown completed.
2022-09-14 00:09:33 [main] INFO  o.s.b.t.a.w.s.WebMvcTestContextBootstrapper - Neither @ContextConfiguration nor @ContextHierarchy found for test class [com.microservices.flash.bloop.censorshipservice.services.impl.WordCensorshipServiceImplTest], using SpringBootContextLoader
2022-09-14 00:09:33 [main] INFO  o.s.t.c.s.AbstractContextLoader - Could not detect default resource locations for test class [com.microservices.flash.bloop.censorshipservice.services.impl.WordCensorshipServiceImplTest]: no resource found for suffixes {-context.xml, Context.groovy}.
2022-09-14 00:09:33 [main] INFO  o.s.t.c.s.AnnotationConfigContextLoaderUtils - Could not detect default configuration classes for test class [com.microservices.flash.bloop.censorshipservice.services.impl.WordCensorshipServiceImplTest]: WordCensorshipServiceImplTest does not declare any static, non-private, non-final, nested classes annotated with @Configuration.
2022-09-14 00:09:33 [main] INFO  o.s.b.t.c.SpringBootTestContextBootstrapper - Found @SpringBootConfiguration com.microservices.flash.bloop.censorshipservice.BloopCensorshipServiceApplication for test class com.microservices.flash.bloop.censorshipservice.services.impl.WordCensorshipServiceImplTest
2022-09-14 00:09:33 [main] INFO  o.s.b.t.a.w.s.WebMvcTestContextBootstrapper - Loaded default TestExecutionListener class names from location [META-INF/spring.factories]: [org.springframework.boot.test.mock.mockito.MockitoTestExecutionListener, org.springframework.boot.test.mock.mockito.ResetMocksTestExecutionListener, org.springframework.boot.test.autoconfigure.restdocs.RestDocsTestExecutionListener, org.springframework.boot.test.autoconfigure.web.client.MockRestServiceServerResetTestExecutionListener, org.springframework.boot.test.autoconfigure.web.servlet.MockMvcPrintOnlyOnFailureTestExecutionListener, org.springframework.boot.test.autoconfigure.web.servlet.WebDriverTestExecutionListener, org.springframework.boot.test.autoconfigure.webservices.client.MockWebServiceServerTestExecutionListener, org.springframework.test.context.web.ServletTestExecutionListener, org.springframework.test.context.support.DirtiesContextBeforeModesTestExecutionListener, org.springframework.test.context.event.ApplicationEventsTestExecutionListener, org.springframework.test.context.support.DependencyInjectionTestExecutionListener, org.springframework.test.context.support.DirtiesContextTestExecutionListener, org.springframework.test.context.transaction.TransactionalTestExecutionListener, org.springframework.test.context.jdbc.SqlScriptsTestExecutionListener, org.springframework.test.context.event.EventPublishingTestExecutionListener]
2022-09-14 00:09:33 [main] INFO  o.s.b.t.a.w.s.WebMvcTestContextBootstrapper - Using TestExecutionListeners: [org.springframework.test.context.web.ServletTestExecutionListener@1941a8ff, org.springframework.test.context.support.DirtiesContextBeforeModesTestExecutionListener@22d7b4f8, org.springframework.test.context.event.ApplicationEventsTestExecutionListener@149dd36b, org.springframework.boot.test.mock.mockito.MockitoTestExecutionListener@38831718, org.springframework.boot.test.autoconfigure.SpringBootDependencyInjectionTestExecutionListener@2c1156a7, org.springframework.test.context.support.DirtiesContextTestExecutionListener@33fe57a9, org.springframework.test.context.transaction.TransactionalTestExecutionListener@4982cc36, org.springframework.test.context.jdbc.SqlScriptsTestExecutionListener@691939c9, org.springframework.test.context.event.EventPublishingTestExecutionListener@4f1bfe23, org.springframework.boot.test.mock.mockito.ResetMocksTestExecutionListener@e19bb76, org.springframework.boot.test.autoconfigure.restdocs.RestDocsTestExecutionListener@512535ff, org.springframework.boot.test.autoconfigure.web.client.MockRestServiceServerResetTestExecutionListener@71529963, org.springframework.boot.test.autoconfigure.web.servlet.MockMvcPrintOnlyOnFailureTestExecutionListener@61a88b8c, org.springframework.boot.test.autoconfigure.web.servlet.WebDriverTestExecutionListener@22295ec4, org.springframework.boot.test.autoconfigure.webservices.client.MockWebServiceServerTestExecutionListener@5adb0db3]
2022-09-14 00:09:36 [background-preinit] INFO  o.h.validator.internal.util.Version - HV000001: Hibernate Validator 6.2.4.Final
2022-09-14 00:09:36 [main] INFO  o.s.c.c.c.ConfigServerConfigDataLoader - Fetching config from server at : http://localhost:8888
2022-09-14 00:09:36 [main] INFO  o.s.c.c.c.ConfigServerConfigDataLoader - Located environment: name=bloop-censorship-service, config-client, profiles=[bloop_censorship_service], label=null, version=a0cffd093c27898ec83d2d8e88694e9c603eba17, state=null
2022-09-14 00:09:40 [main] INFO  o.s.c.c.c.ConfigServicePropertySourceLocator - Fetching config from server at : http://localhost:8888
2022-09-14 00:09:42 [main] INFO  o.s.c.c.c.ConfigServicePropertySourceLocator - Located environment: name=bloop-censorship-service, config-client, profiles=[default], label=null, version=a0cffd093c27898ec83d2d8e88694e9c603eba17, state=null
2022-09-14 00:09:42 [main] INFO  o.s.c.b.c.PropertySourceBootstrapConfiguration - Located property source: [BootstrapPropertySource {name='bootstrapProperties-configClient'}, BootstrapPropertySource {name='bootstrapProperties-https://github.com/TafMandava/bloop-config.git/config-client.yml'}]
2022-09-14 00:09:42 [main] INFO  c.m.f.b.c.s.i.WordCensorshipServiceImplTest - The following 1 profile is active: "bloop_censorship_service"
2022-09-14 00:09:42 [main] INFO  o.s.c.c.c.ConfigServerConfigDataLoader - Fetching config from server at : http://localhost:8888
2022-09-14 00:09:42 [main] INFO  o.s.c.c.c.ConfigServerConfigDataLoader - Located environment: name=bloop-censorship-service, config-client, profiles=[bloop_censorship_service], label=null, version=a0cffd093c27898ec83d2d8e88694e9c603eba17, state=null
2022-09-14 00:09:44 [main] INFO  o.s.b.t.m.w.SpringBootMockServletContext - Initializing Spring TestDispatcherServlet ''
2022-09-14 00:09:44 [main] INFO  o.s.t.w.s.TestDispatcherServlet - Initializing Servlet ''
2022-09-14 00:09:44 [main] INFO  o.s.t.w.s.TestDispatcherServlet - Completed initialization in 1 ms
2022-09-14 00:09:44 [main] INFO  c.m.f.b.c.s.i.WordCensorshipServiceImplTest - Started WordCensorshipServiceImplTest in 10.883 seconds (JVM running for 11.498)
2022-09-14 00:11:04 [background-preinit] INFO  o.h.validator.internal.util.Version - HV000001: Hibernate Validator 6.2.4.Final
2022-09-14 00:11:04 [main] INFO  o.s.c.c.c.ConfigServerConfigDataLoader - Fetching config from server at : http://localhost:8888
2022-09-14 00:11:04 [main] INFO  o.s.c.c.c.ConfigServerConfigDataLoader - Located environment: name=bloop-censorship-service, config-client, profiles=[bloop_censorship_service], label=null, version=a0cffd093c27898ec83d2d8e88694e9c603eba17, state=null
