2022-09-11 23:13:51 [background-preinit] INFO  o.h.validator.internal.util.Version - HV000001: Hibernate Validator 6.2.4.Final
2022-09-11 23:13:51 [main] INFO  o.s.c.c.c.ConfigServerConfigDataLoader - Fetching config from server at : http://localhost:8888
2022-09-11 23:13:51 [main] INFO  o.s.c.c.c.ConfigServerConfigDataLoader - Located environment: name=bloop-censorship-service, config-client, profiles=[bloop_censorship_service], label=null, version=28e5988448ebd94b39a8e343416c6d12fc8b4c6b, state=null
2022-09-11 23:13:54 [main] INFO  o.s.c.c.c.ConfigServicePropertySourceLocator - Fetching config from server at : http://localhost:8888
2022-09-11 23:13:57 [main] INFO  o.s.c.c.c.ConfigServicePropertySourceLocator - Located environment: name=bloop-censorship-service, config-client, profiles=[default], label=null, version=28e5988448ebd94b39a8e343416c6d12fc8b4c6b, state=null
2022-09-11 23:13:57 [main] INFO  o.s.c.b.c.PropertySourceBootstrapConfiguration - Located property source: [BootstrapPropertySource {name='bootstrapProperties-configClient'}, BootstrapPropertySource {name='bootstrapProperties-https://github.com/TafMandava/bloop-config.git/config-client.yml'}]
2022-09-11 23:13:57 [main] INFO  c.m.f.b.c.BloopCensorshipServiceApplication - The following 1 profile is active: "bloop_censorship_service"
2022-09-11 23:13:57 [main] INFO  o.s.c.c.c.ConfigServerConfigDataLoader - Fetching config from server at : http://localhost:8888
2022-09-11 23:13:57 [main] INFO  o.s.c.c.c.ConfigServerConfigDataLoader - Located environment: name=bloop-censorship-service, config-client, profiles=[bloop_censorship_service], label=null, version=28e5988448ebd94b39a8e343416c6d12fc8b4c6b, state=null
2022-09-11 23:13:58 [main] INFO  o.s.d.r.c.RepositoryConfigurationDelegate - Bootstrapping Spring Data JPA repositories in DEFAULT mode.
2022-09-11 23:13:58 [main] INFO  o.s.d.r.c.RepositoryConfigurationDelegate - Finished Spring Data repository scanning in 7 ms. Found 0 JPA repository interfaces.
2022-09-11 23:13:58 [main] INFO  o.s.cloud.context.scope.GenericScope - BeanFactory id=7549137f-1599-38d2-b31e-231294836c85
2022-09-11 23:13:59 [main] INFO  o.s.b.w.e.tomcat.TomcatWebServer - Tomcat initialized with port(s): 8180 (http)
2022-09-11 23:13:59 [main] INFO  o.a.coyote.http11.Http11NioProtocol - Initializing ProtocolHandler ["http-nio-8180"]
2022-09-11 23:13:59 [main] INFO  o.a.catalina.core.StandardService - Starting service [Tomcat]
2022-09-11 23:13:59 [main] INFO  o.a.catalina.core.StandardEngine - Starting Servlet engine: [Apache Tomcat/9.0.65]
2022-09-11 23:13:59 [main] INFO  o.a.c.c.C.[Tomcat].[localhost].[/] - Initializing Spring embedded WebApplicationContext
2022-09-11 23:13:59 [main] INFO  o.s.b.w.s.c.ServletWebServerApplicationContext - Root WebApplicationContext: initialization completed in 1886 ms
2022-09-11 23:13:59 [main] WARN  o.s.b.w.s.c.AnnotationConfigServletWebServerApplicationContext - Exception encountered during context initialization - cancelling refresh attempt: org.springframework.beans.factory.UnsatisfiedDependencyException: Error creating bean with name 'org.springframework.boot.autoconfigure.orm.jpa.HibernateJpaConfiguration': Unsatisfied dependency expressed through constructor parameter 0; nested exception is org.springframework.beans.factory.BeanCreationException: Error creating bean with name 'dataSource' defined in class path resource [org/springframework/boot/autoconfigure/jdbc/DataSourceConfiguration$Hikari.class]: Bean instantiation via factory method failed; nested exception is org.springframework.beans.BeanInstantiationException: Failed to instantiate [com.zaxxer.hikari.HikariDataSource]: Factory method 'dataSource' threw exception; nested exception is java.lang.IllegalStateException: Cannot load driver class: com.mysql.cj.jdbc.Driver
2022-09-11 23:13:59 [main] INFO  o.a.catalina.core.StandardService - Stopping service [Tomcat]
2022-09-11 23:13:59 [main] INFO  o.s.b.a.l.ConditionEvaluationReportLoggingListener - 

Error starting ApplicationContext. To display the conditions report re-run your application with 'debug' enabled.
2022-09-11 23:13:59 [main] ERROR o.s.boot.SpringApplication - Application run failed
org.springframework.beans.factory.UnsatisfiedDependencyException: Error creating bean with name 'org.springframework.boot.autoconfigure.orm.jpa.HibernateJpaConfiguration': Unsatisfied dependency expressed through constructor parameter 0; nested exception is org.springframework.beans.factory.BeanCreationException: Error creating bean with name 'dataSource' defined in class path resource [org/springframework/boot/autoconfigure/jdbc/DataSourceConfiguration$Hikari.class]: Bean instantiation via factory method failed; nested exception is org.springframework.beans.BeanInstantiationException: Failed to instantiate [com.zaxxer.hikari.HikariDataSource]: Factory method 'dataSource' threw exception; nested exception is java.lang.IllegalStateException: Cannot load driver class: com.mysql.cj.jdbc.Driver
	at org.springframework.beans.factory.support.ConstructorResolver.createArgumentArray(ConstructorResolver.java:800)
	at org.springframework.beans.factory.support.ConstructorResolver.autowireConstructor(ConstructorResolver.java:229)
	at org.springframework.beans.factory.support.AbstractAutowireCapableBeanFactory.autowireConstructor(AbstractAutowireCapableBeanFactory.java:1372)
	at org.springframework.beans.factory.support.AbstractAutowireCapableBeanFactory.createBeanInstance(AbstractAutowireCapableBeanFactory.java:1222)
	at org.springframework.beans.factory.support.AbstractAutowireCapableBeanFactory.doCreateBean(AbstractAutowireCapableBeanFactory.java:582)
	at org.springframework.beans.factory.support.AbstractAutowireCapableBeanFactory.createBean(AbstractAutowireCapableBeanFactory.java:542)
	at org.springframework.beans.factory.support.AbstractBeanFactory.lambda$doGetBean$0(AbstractBeanFactory.java:335)
	at org.springframework.beans.factory.support.DefaultSingletonBeanRegistry.getSingleton(DefaultSingletonBeanRegistry.java:234)
	at org.springframework.beans.factory.support.AbstractBeanFactory.doGetBean(AbstractBeanFactory.java:333)
	at org.springframework.beans.factory.support.AbstractBeanFactory.getBean(AbstractBeanFactory.java:208)
	at org.springframework.beans.factory.support.ConstructorResolver.instantiateUsingFactoryMethod(ConstructorResolver.java:410)
	at org.springframework.beans.factory.support.AbstractAutowireCapableBeanFactory.instantiateUsingFactoryMethod(AbstractAutowireCapableBeanFactory.java:1352)
	at org.springframework.beans.factory.support.AbstractAutowireCapableBeanFactory.createBeanInstance(AbstractAutowireCapableBeanFactory.java:1195)
	at org.springframework.beans.factory.support.AbstractAutowireCapableBeanFactory.doCreateBean(AbstractAutowireCapableBeanFactory.java:582)
	at org.springframework.beans.factory.support.AbstractAutowireCapableBeanFactory.createBean(AbstractAutowireCapableBeanFactory.java:542)
	at org.springframework.beans.factory.support.AbstractBeanFactory.lambda$doGetBean$0(AbstractBeanFactory.java:335)
	at org.springframework.beans.factory.support.DefaultSingletonBeanRegistry.getSingleton(DefaultSingletonBeanRegistry.java:234)
	at org.springframework.beans.factory.support.AbstractBeanFactory.doGetBean(AbstractBeanFactory.java:333)
	at org.springframework.beans.factory.support.AbstractBeanFactory.getBean(AbstractBeanFactory.java:208)
	at org.springframework.context.support.AbstractApplicationContext.getBean(AbstractApplicationContext.java:1154)
	at org.springframework.context.support.AbstractApplicationContext.finishBeanFactoryInitialization(AbstractApplicationContext.java:908)
	at org.springframework.context.support.AbstractApplicationContext.refresh(AbstractApplicationContext.java:583)
	at org.springframework.boot.web.servlet.context.ServletWebServerApplicationContext.refresh(ServletWebServerApplicationContext.java:147)
	at org.springframework.boot.SpringApplication.refresh(SpringApplication.java:734)
	at org.springframework.boot.SpringApplication.refreshContext(SpringApplication.java:408)
	at org.springframework.boot.SpringApplication.run(SpringApplication.java:308)
	at org.springframework.boot.SpringApplication.run(SpringApplication.java:1306)
	at org.springframework.boot.SpringApplication.run(SpringApplication.java:1295)
	at com.microservices.flash.bloop.censorshipservice.BloopCensorshipServiceApplication.main(BloopCensorshipServiceApplication.java:10)
Caused by: org.springframework.beans.factory.BeanCreationException: Error creating bean with name 'dataSource' defined in class path resource [org/springframework/boot/autoconfigure/jdbc/DataSourceConfiguration$Hikari.class]: Bean instantiation via factory method failed; nested exception is org.springframework.beans.BeanInstantiationException: Failed to instantiate [com.zaxxer.hikari.HikariDataSource]: Factory method 'dataSource' threw exception; nested exception is java.lang.IllegalStateException: Cannot load driver class: com.mysql.cj.jdbc.Driver
	at org.springframework.beans.factory.support.ConstructorResolver.instantiate(ConstructorResolver.java:658)
	at org.springframework.beans.factory.support.ConstructorResolver.instantiateUsingFactoryMethod(ConstructorResolver.java:638)
	at org.springframework.beans.factory.support.AbstractAutowireCapableBeanFactory.instantiateUsingFactoryMethod(AbstractAutowireCapableBeanFactory.java:1352)
	at org.springframework.beans.factory.support.AbstractAutowireCapableBeanFactory.createBeanInstance(AbstractAutowireCapableBeanFactory.java:1195)
	at org.springframework.beans.factory.support.AbstractAutowireCapableBeanFactory.doCreateBean(AbstractAutowireCapableBeanFactory.java:582)
	at org.springframework.beans.factory.support.AbstractAutowireCapableBeanFactory.createBean(AbstractAutowireCapableBeanFactory.java:542)
	at org.springframework.beans.factory.support.AbstractBeanFactory.lambda$doGetBean$0(AbstractBeanFactory.java:335)
	at org.springframework.beans.factory.support.DefaultSingletonBeanRegistry.getSingleton(DefaultSingletonBeanRegistry.java:234)
	at org.springframework.beans.factory.support.AbstractBeanFactory.doGetBean(AbstractBeanFactory.java:333)
	at org.springframework.beans.factory.support.AbstractBeanFactory.getBean(AbstractBeanFactory.java:208)
	at org.springframework.beans.factory.config.DependencyDescriptor.resolveCandidate(DependencyDescriptor.java:276)
	at org.springframework.beans.factory.support.DefaultListableBeanFactory.doResolveDependency(DefaultListableBeanFactory.java:1391)
	at org.springframework.beans.factory.support.DefaultListableBeanFactory.resolveDependency(DefaultListableBeanFactory.java:1311)
	at org.springframework.beans.factory.support.ConstructorResolver.resolveAutowiredArgument(ConstructorResolver.java:887)
	at org.springframework.beans.factory.support.ConstructorResolver.createArgumentArray(ConstructorResolver.java:791)
	... 28 common frames omitted
Caused by: org.springframework.beans.BeanInstantiationException: Failed to instantiate [com.zaxxer.hikari.HikariDataSource]: Factory method 'dataSource' threw exception; nested exception is java.lang.IllegalStateException: Cannot load driver class: com.mysql.cj.jdbc.Driver
	at org.springframework.beans.factory.support.SimpleInstantiationStrategy.instantiate(SimpleInstantiationStrategy.java:185)
	at org.springframework.beans.factory.support.ConstructorResolver.instantiate(ConstructorResolver.java:653)
	... 42 common frames omitted
Caused by: java.lang.IllegalStateException: Cannot load driver class: com.mysql.cj.jdbc.Driver
	at org.springframework.util.Assert.state(Assert.java:97)
	at org.springframework.boot.autoconfigure.jdbc.DataSourceProperties.determineDriverClassName(DataSourceProperties.java:171)
	at org.springframework.boot.autoconfigure.jdbc.DataSourceProperties.initializeDataSourceBuilder(DataSourceProperties.java:123)
	at org.springframework.boot.autoconfigure.jdbc.DataSourceConfiguration.createDataSource(DataSourceConfiguration.java:48)
	at org.springframework.boot.autoconfigure.jdbc.DataSourceConfiguration$Hikari.dataSource(DataSourceConfiguration.java:90)
	at java.base/jdk.internal.reflect.NativeMethodAccessorImpl.invoke0(Native Method)
	at java.base/jdk.internal.reflect.NativeMethodAccessorImpl.invoke(NativeMethodAccessorImpl.java:77)
	at java.base/jdk.internal.reflect.DelegatingMethodAccessorImpl.invoke(DelegatingMethodAccessorImpl.java:43)
	at java.base/java.lang.reflect.Method.invoke(Method.java:568)
	at org.springframework.beans.factory.support.SimpleInstantiationStrategy.instantiate(SimpleInstantiationStrategy.java:154)
	... 43 common frames omitted
2022-09-11 23:19:24 [background-preinit] INFO  o.h.validator.internal.util.Version - HV000001: Hibernate Validator 6.2.4.Final
2022-09-11 23:19:24 [main] INFO  o.s.c.c.c.ConfigServerConfigDataLoader - Fetching config from server at : http://localhost:8888
2022-09-11 23:19:24 [main] INFO  o.s.c.c.c.ConfigServerConfigDataLoader - Located environment: name=bloop-censorship-service, config-client, profiles=[bloop_censorship_service], label=null, version=28e5988448ebd94b39a8e343416c6d12fc8b4c6b, state=null
2022-09-11 23:19:27 [main] INFO  o.s.c.c.c.ConfigServicePropertySourceLocator - Fetching config from server at : http://localhost:8888
2022-09-11 23:19:29 [main] INFO  o.s.c.c.c.ConfigServicePropertySourceLocator - Located environment: name=bloop-censorship-service, config-client, profiles=[default], label=null, version=28e5988448ebd94b39a8e343416c6d12fc8b4c6b, state=null
2022-09-11 23:19:29 [main] INFO  o.s.c.b.c.PropertySourceBootstrapConfiguration - Located property source: [BootstrapPropertySource {name='bootstrapProperties-configClient'}, BootstrapPropertySource {name='bootstrapProperties-https://github.com/TafMandava/bloop-config.git/config-client.yml'}]
2022-09-11 23:19:29 [main] INFO  c.m.f.b.c.BloopCensorshipServiceApplication - The following 1 profile is active: "bloop_censorship_service"
2022-09-11 23:19:29 [main] INFO  o.s.c.c.c.ConfigServerConfigDataLoader - Fetching config from server at : http://localhost:8888
2022-09-11 23:19:29 [main] INFO  o.s.c.c.c.ConfigServerConfigDataLoader - Located environment: name=bloop-censorship-service, config-client, profiles=[bloop_censorship_service], label=null, version=28e5988448ebd94b39a8e343416c6d12fc8b4c6b, state=null
2022-09-11 23:19:30 [main] INFO  o.s.d.r.c.RepositoryConfigurationDelegate - Bootstrapping Spring Data JPA repositories in DEFAULT mode.
2022-09-11 23:19:30 [main] INFO  o.s.d.r.c.RepositoryConfigurationDelegate - Finished Spring Data repository scanning in 4 ms. Found 0 JPA repository interfaces.
2022-09-11 23:19:30 [main] INFO  o.s.cloud.context.scope.GenericScope - BeanFactory id=7549137f-1599-38d2-b31e-231294836c85
2022-09-11 23:19:30 [main] INFO  o.s.b.w.e.tomcat.TomcatWebServer - Tomcat initialized with port(s): 8180 (http)
2022-09-11 23:19:30 [main] INFO  o.a.coyote.http11.Http11NioProtocol - Initializing ProtocolHandler ["http-nio-8180"]
2022-09-11 23:19:30 [main] INFO  o.a.catalina.core.StandardService - Starting service [Tomcat]
2022-09-11 23:19:30 [main] INFO  o.a.catalina.core.StandardEngine - Starting Servlet engine: [Apache Tomcat/9.0.65]
2022-09-11 23:19:30 [main] INFO  o.a.c.c.C.[Tomcat].[localhost].[/] - Initializing Spring embedded WebApplicationContext
2022-09-11 23:19:30 [main] INFO  o.s.b.w.s.c.ServletWebServerApplicationContext - Root WebApplicationContext: initialization completed in 967 ms
2022-09-11 23:19:30 [main] WARN  o.s.b.w.s.c.AnnotationConfigServletWebServerApplicationContext - Exception encountered during context initialization - cancelling refresh attempt: org.springframework.beans.factory.UnsatisfiedDependencyException: Error creating bean with name 'org.springframework.boot.autoconfigure.orm.jpa.HibernateJpaConfiguration': Unsatisfied dependency expressed through constructor parameter 0; nested exception is org.springframework.beans.factory.BeanCreationException: Error creating bean with name 'dataSource' defined in class path resource [org/springframework/boot/autoconfigure/jdbc/DataSourceConfiguration$Hikari.class]: Bean instantiation via factory method failed; nested exception is org.springframework.beans.BeanInstantiationException: Failed to instantiate [com.zaxxer.hikari.HikariDataSource]: Factory method 'dataSource' threw exception; nested exception is java.lang.IllegalStateException: Cannot load driver class: com.mysql.cj.jdbc.Driver
2022-09-11 23:19:30 [main] INFO  o.a.catalina.core.StandardService - Stopping service [Tomcat]
2022-09-11 23:19:30 [main] INFO  o.s.b.a.l.ConditionEvaluationReportLoggingListener - 

Error starting ApplicationContext. To display the conditions report re-run your application with 'debug' enabled.
2022-09-11 23:19:30 [main] ERROR o.s.boot.SpringApplication - Application run failed
org.springframework.beans.factory.UnsatisfiedDependencyException: Error creating bean with name 'org.springframework.boot.autoconfigure.orm.jpa.HibernateJpaConfiguration': Unsatisfied dependency expressed through constructor parameter 0; nested exception is org.springframework.beans.factory.BeanCreationException: Error creating bean with name 'dataSource' defined in class path resource [org/springframework/boot/autoconfigure/jdbc/DataSourceConfiguration$Hikari.class]: Bean instantiation via factory method failed; nested exception is org.springframework.beans.BeanInstantiationException: Failed to instantiate [com.zaxxer.hikari.HikariDataSource]: Factory method 'dataSource' threw exception; nested exception is java.lang.IllegalStateException: Cannot load driver class: com.mysql.cj.jdbc.Driver
	at org.springframework.beans.factory.support.ConstructorResolver.createArgumentArray(ConstructorResolver.java:800)
	at org.springframework.beans.factory.support.ConstructorResolver.autowireConstructor(ConstructorResolver.java:229)
	at org.springframework.beans.factory.support.AbstractAutowireCapableBeanFactory.autowireConstructor(AbstractAutowireCapableBeanFactory.java:1372)
	at org.springframework.beans.factory.support.AbstractAutowireCapableBeanFactory.createBeanInstance(AbstractAutowireCapableBeanFactory.java:1222)
	at org.springframework.beans.factory.support.AbstractAutowireCapableBeanFactory.doCreateBean(AbstractAutowireCapableBeanFactory.java:582)
	at org.springframework.beans.factory.support.AbstractAutowireCapableBeanFactory.createBean(AbstractAutowireCapableBeanFactory.java:542)
	at org.springframework.beans.factory.support.AbstractBeanFactory.lambda$doGetBean$0(AbstractBeanFactory.java:335)
	at org.springframework.beans.factory.support.DefaultSingletonBeanRegistry.getSingleton(DefaultSingletonBeanRegistry.java:234)
	at org.springframework.beans.factory.support.AbstractBeanFactory.doGetBean(AbstractBeanFactory.java:333)
	at org.springframework.beans.factory.support.AbstractBeanFactory.getBean(AbstractBeanFactory.java:208)
	at org.springframework.beans.factory.support.ConstructorResolver.instantiateUsingFactoryMethod(ConstructorResolver.java:410)
	at org.springframework.beans.factory.support.AbstractAutowireCapableBeanFactory.instantiateUsingFactoryMethod(AbstractAutowireCapableBeanFactory.java:1352)
	at org.springframework.beans.factory.support.AbstractAutowireCapableBeanFactory.createBeanInstance(AbstractAutowireCapableBeanFactory.java:1195)
	at org.springframework.beans.factory.support.AbstractAutowireCapableBeanFactory.doCreateBean(AbstractAutowireCapableBeanFactory.java:582)
	at org.springframework.beans.factory.support.AbstractAutowireCapableBeanFactory.createBean(AbstractAutowireCapableBeanFactory.java:542)
	at org.springframework.beans.factory.support.AbstractBeanFactory.lambda$doGetBean$0(AbstractBeanFactory.java:335)
	at org.springframework.beans.factory.support.DefaultSingletonBeanRegistry.getSingleton(DefaultSingletonBeanRegistry.java:234)
	at org.springframework.beans.factory.support.AbstractBeanFactory.doGetBean(AbstractBeanFactory.java:333)
	at org.springframework.beans.factory.support.AbstractBeanFactory.getBean(AbstractBeanFactory.java:208)
	at org.springframework.context.support.AbstractApplicationContext.getBean(AbstractApplicationContext.java:1154)
	at org.springframework.context.support.AbstractApplicationContext.finishBeanFactoryInitialization(AbstractApplicationContext.java:908)
	at org.springframework.context.support.AbstractApplicationContext.refresh(AbstractApplicationContext.java:583)
	at org.springframework.boot.web.servlet.context.ServletWebServerApplicationContext.refresh(ServletWebServerApplicationContext.java:147)
	at org.springframework.boot.SpringApplication.refresh(SpringApplication.java:734)
	at org.springframework.boot.SpringApplication.refreshContext(SpringApplication.java:408)
	at org.springframework.boot.SpringApplication.run(SpringApplication.java:308)
	at org.springframework.boot.SpringApplication.run(SpringApplication.java:1306)
	at org.springframework.boot.SpringApplication.run(SpringApplication.java:1295)
	at com.microservices.flash.bloop.censorshipservice.BloopCensorshipServiceApplication.main(BloopCensorshipServiceApplication.java:10)
Caused by: org.springframework.beans.factory.BeanCreationException: Error creating bean with name 'dataSource' defined in class path resource [org/springframework/boot/autoconfigure/jdbc/DataSourceConfiguration$Hikari.class]: Bean instantiation via factory method failed; nested exception is org.springframework.beans.BeanInstantiationException: Failed to instantiate [com.zaxxer.hikari.HikariDataSource]: Factory method 'dataSource' threw exception; nested exception is java.lang.IllegalStateException: Cannot load driver class: com.mysql.cj.jdbc.Driver
	at org.springframework.beans.factory.support.ConstructorResolver.instantiate(ConstructorResolver.java:658)
	at org.springframework.beans.factory.support.ConstructorResolver.instantiateUsingFactoryMethod(ConstructorResolver.java:638)
	at org.springframework.beans.factory.support.AbstractAutowireCapableBeanFactory.instantiateUsingFactoryMethod(AbstractAutowireCapableBeanFactory.java:1352)
	at org.springframework.beans.factory.support.AbstractAutowireCapableBeanFactory.createBeanInstance(AbstractAutowireCapableBeanFactory.java:1195)
	at org.springframework.beans.factory.support.AbstractAutowireCapableBeanFactory.doCreateBean(AbstractAutowireCapableBeanFactory.java:582)
	at org.springframework.beans.factory.support.AbstractAutowireCapableBeanFactory.createBean(AbstractAutowireCapableBeanFactory.java:542)
	at org.springframework.beans.factory.support.AbstractBeanFactory.lambda$doGetBean$0(AbstractBeanFactory.java:335)
	at org.springframework.beans.factory.support.DefaultSingletonBeanRegistry.getSingleton(DefaultSingletonBeanRegistry.java:234)
	at org.springframework.beans.factory.support.AbstractBeanFactory.doGetBean(AbstractBeanFactory.java:333)
	at org.springframework.beans.factory.support.AbstractBeanFactory.getBean(AbstractBeanFactory.java:208)
	at org.springframework.beans.factory.config.DependencyDescriptor.resolveCandidate(DependencyDescriptor.java:276)
	at org.springframework.beans.factory.support.DefaultListableBeanFactory.doResolveDependency(DefaultListableBeanFactory.java:1391)
	at org.springframework.beans.factory.support.DefaultListableBeanFactory.resolveDependency(DefaultListableBeanFactory.java:1311)
	at org.springframework.beans.factory.support.ConstructorResolver.resolveAutowiredArgument(ConstructorResolver.java:887)
	at org.springframework.beans.factory.support.ConstructorResolver.createArgumentArray(ConstructorResolver.java:791)
	... 28 common frames omitted
Caused by: org.springframework.beans.BeanInstantiationException: Failed to instantiate [com.zaxxer.hikari.HikariDataSource]: Factory method 'dataSource' threw exception; nested exception is java.lang.IllegalStateException: Cannot load driver class: com.mysql.cj.jdbc.Driver
	at org.springframework.beans.factory.support.SimpleInstantiationStrategy.instantiate(SimpleInstantiationStrategy.java:185)
	at org.springframework.beans.factory.support.ConstructorResolver.instantiate(ConstructorResolver.java:653)
	... 42 common frames omitted
Caused by: java.lang.IllegalStateException: Cannot load driver class: com.mysql.cj.jdbc.Driver
	at org.springframework.util.Assert.state(Assert.java:97)
	at org.springframework.boot.autoconfigure.jdbc.DataSourceProperties.determineDriverClassName(DataSourceProperties.java:171)
	at org.springframework.boot.autoconfigure.jdbc.DataSourceProperties.initializeDataSourceBuilder(DataSourceProperties.java:123)
	at org.springframework.boot.autoconfigure.jdbc.DataSourceConfiguration.createDataSource(DataSourceConfiguration.java:48)
	at org.springframework.boot.autoconfigure.jdbc.DataSourceConfiguration$Hikari.dataSource(DataSourceConfiguration.java:90)
	at java.base/jdk.internal.reflect.NativeMethodAccessorImpl.invoke0(Native Method)
	at java.base/jdk.internal.reflect.NativeMethodAccessorImpl.invoke(NativeMethodAccessorImpl.java:77)
	at java.base/jdk.internal.reflect.DelegatingMethodAccessorImpl.invoke(DelegatingMethodAccessorImpl.java:43)
	at java.base/java.lang.reflect.Method.invoke(Method.java:568)
	at org.springframework.beans.factory.support.SimpleInstantiationStrategy.instantiate(SimpleInstantiationStrategy.java:154)
	... 43 common frames omitted
2022-09-11 23:29:40 [background-preinit] INFO  o.h.validator.internal.util.Version - HV000001: Hibernate Validator 6.2.4.Final
2022-09-11 23:29:40 [main] INFO  o.s.c.c.c.ConfigServerConfigDataLoader - Fetching config from server at : http://localhost:8888
2022-09-11 23:29:40 [main] INFO  o.s.c.c.c.ConfigServerConfigDataLoader - Located environment: name=bloop-censorship-service, config-client, profiles=[bloop_censorship_service], label=null, version=28e5988448ebd94b39a8e343416c6d12fc8b4c6b, state=null
2022-09-11 23:29:43 [main] INFO  o.s.c.c.c.ConfigServicePropertySourceLocator - Fetching config from server at : http://localhost:8888
2022-09-11 23:29:46 [main] INFO  o.s.c.c.c.ConfigServicePropertySourceLocator - Located environment: name=bloop-censorship-service, config-client, profiles=[default], label=null, version=28e5988448ebd94b39a8e343416c6d12fc8b4c6b, state=null
2022-09-11 23:29:46 [main] INFO  o.s.c.b.c.PropertySourceBootstrapConfiguration - Located property source: [BootstrapPropertySource {name='bootstrapProperties-configClient'}, BootstrapPropertySource {name='bootstrapProperties-https://github.com/TafMandava/bloop-config.git/config-client.yml'}]
2022-09-11 23:29:46 [main] INFO  c.m.f.b.c.BloopCensorshipServiceApplication - The following 1 profile is active: "bloop_censorship_service"
2022-09-11 23:29:46 [main] INFO  o.s.c.c.c.ConfigServerConfigDataLoader - Fetching config from server at : http://localhost:8888
2022-09-11 23:29:46 [main] INFO  o.s.c.c.c.ConfigServerConfigDataLoader - Located environment: name=bloop-censorship-service, config-client, profiles=[bloop_censorship_service], label=null, version=28e5988448ebd94b39a8e343416c6d12fc8b4c6b, state=null
2022-09-11 23:29:47 [main] INFO  o.s.d.r.c.RepositoryConfigurationDelegate - Bootstrapping Spring Data JPA repositories in DEFAULT mode.
2022-09-11 23:29:47 [main] INFO  o.s.d.r.c.RepositoryConfigurationDelegate - Finished Spring Data repository scanning in 10 ms. Found 0 JPA repository interfaces.
2022-09-11 23:29:47 [main] INFO  o.s.cloud.context.scope.GenericScope - BeanFactory id=aea8b68f-a8bc-3ec9-85e0-71f5596b2b7f
2022-09-11 23:29:47 [main] INFO  o.s.b.w.e.tomcat.TomcatWebServer - Tomcat initialized with port(s): 8180 (http)
2022-09-11 23:29:47 [main] INFO  o.a.coyote.http11.Http11NioProtocol - Initializing ProtocolHandler ["http-nio-8180"]
2022-09-11 23:29:47 [main] INFO  o.a.catalina.core.StandardService - Starting service [Tomcat]
2022-09-11 23:29:47 [main] INFO  o.a.catalina.core.StandardEngine - Starting Servlet engine: [Apache Tomcat/9.0.65]
2022-09-11 23:29:47 [main] INFO  o.a.c.c.C.[Tomcat].[localhost].[/] - Initializing Spring embedded WebApplicationContext
2022-09-11 23:29:47 [main] INFO  o.s.b.w.s.c.ServletWebServerApplicationContext - Root WebApplicationContext: initialization completed in 1547 ms
2022-09-11 23:29:47 [main] DEBUG com.zaxxer.hikari.HikariConfig - Driver class com.mysql.cj.jdbc.Driver found in Thread context class loader jdk.internal.loader.ClassLoaders$AppClassLoader@42110406
2022-09-11 23:29:48 [main] INFO  o.h.jpa.internal.util.LogHelper - HHH000204: Processing PersistenceUnitInfo [name: default]
2022-09-11 23:29:48 [main] INFO  org.hibernate.Version - HHH000412: Hibernate ORM core version 5.6.10.Final
2022-09-11 23:29:48 [main] INFO  o.h.annotations.common.Version - HCANN000001: Hibernate Commons Annotations {5.1.2.Final}
2022-09-11 23:29:48 [main] DEBUG com.zaxxer.hikari.HikariConfig - HikariPool-1 - configuration:
2022-09-11 23:29:48 [main] DEBUG com.zaxxer.hikari.HikariConfig - allowPoolSuspension................................false
2022-09-11 23:29:48 [main] DEBUG com.zaxxer.hikari.HikariConfig - autoCommit................................true
2022-09-11 23:29:48 [main] DEBUG com.zaxxer.hikari.HikariConfig - catalog................................none
2022-09-11 23:29:48 [main] DEBUG com.zaxxer.hikari.HikariConfig - connectionInitSql................................none
2022-09-11 23:29:48 [main] DEBUG com.zaxxer.hikari.HikariConfig - connectionTestQuery................................none
2022-09-11 23:29:48 [main] DEBUG com.zaxxer.hikari.HikariConfig - connectionTimeout................................30000
2022-09-11 23:29:48 [main] DEBUG com.zaxxer.hikari.HikariConfig - dataSource................................none
2022-09-11 23:29:48 [main] DEBUG com.zaxxer.hikari.HikariConfig - dataSourceClassName................................none
2022-09-11 23:29:48 [main] DEBUG com.zaxxer.hikari.HikariConfig - dataSourceJNDI................................none
2022-09-11 23:29:48 [main] DEBUG com.zaxxer.hikari.HikariConfig - dataSourceProperties................................{maintainTimeStats=false, password=<masked>, rewriteBatchedStatements=true, prepStmtCacheSqlLimit=2048, elideSetAutoCommits=true, cacheResultSetMetadata=true, cachePrepStmts=true, prepStmtCacheSize=250, useServerPrepStmts=true, useLocalSessionState=true, cacheServerConfiguration=true}
2022-09-11 23:29:48 [main] DEBUG com.zaxxer.hikari.HikariConfig - driverClassName................................"com.mysql.cj.jdbc.Driver"
2022-09-11 23:29:48 [main] DEBUG com.zaxxer.hikari.HikariConfig - exceptionOverrideClassName................................none
2022-09-11 23:29:48 [main] DEBUG com.zaxxer.hikari.HikariConfig - healthCheckProperties................................{}
2022-09-11 23:29:48 [main] DEBUG com.zaxxer.hikari.HikariConfig - healthCheckRegistry................................none
2022-09-11 23:29:48 [main] DEBUG com.zaxxer.hikari.HikariConfig - idleTimeout................................600000
2022-09-11 23:29:48 [main] DEBUG com.zaxxer.hikari.HikariConfig - initializationFailTimeout................................1
2022-09-11 23:29:48 [main] DEBUG com.zaxxer.hikari.HikariConfig - isolateInternalQueries................................false
2022-09-11 23:29:48 [main] DEBUG com.zaxxer.hikari.HikariConfig - jdbcUrl................................jdbc:mysql://127.0.0.1:3306/bloop?useUnicode=true&characterEncoding=UTF-8&serverTimezone=UTC
2022-09-11 23:29:48 [main] DEBUG com.zaxxer.hikari.HikariConfig - keepaliveTime................................0
2022-09-11 23:29:48 [main] DEBUG com.zaxxer.hikari.HikariConfig - leakDetectionThreshold................................0
2022-09-11 23:29:48 [main] DEBUG com.zaxxer.hikari.HikariConfig - maxLifetime................................1800000
2022-09-11 23:29:48 [main] DEBUG com.zaxxer.hikari.HikariConfig - maximumPoolSize................................5
2022-09-11 23:29:48 [main] DEBUG com.zaxxer.hikari.HikariConfig - metricRegistry................................none
2022-09-11 23:29:48 [main] DEBUG com.zaxxer.hikari.HikariConfig - metricsTrackerFactory................................none
2022-09-11 23:29:48 [main] DEBUG com.zaxxer.hikari.HikariConfig - minimumIdle................................5
2022-09-11 23:29:48 [main] DEBUG com.zaxxer.hikari.HikariConfig - password................................<masked>
2022-09-11 23:29:48 [main] DEBUG com.zaxxer.hikari.HikariConfig - poolName................................"HikariPool-1"
2022-09-11 23:29:48 [main] DEBUG com.zaxxer.hikari.HikariConfig - readOnly................................false
2022-09-11 23:29:48 [main] DEBUG com.zaxxer.hikari.HikariConfig - registerMbeans................................false
2022-09-11 23:29:48 [main] DEBUG com.zaxxer.hikari.HikariConfig - scheduledExecutor................................none
2022-09-11 23:29:48 [main] DEBUG com.zaxxer.hikari.HikariConfig - schema................................none
2022-09-11 23:29:48 [main] DEBUG com.zaxxer.hikari.HikariConfig - threadFactory................................internal
2022-09-11 23:29:48 [main] DEBUG com.zaxxer.hikari.HikariConfig - transactionIsolation................................default
2022-09-11 23:29:48 [main] DEBUG com.zaxxer.hikari.HikariConfig - username................................"bloop"
2022-09-11 23:29:48 [main] DEBUG com.zaxxer.hikari.HikariConfig - validationTimeout................................5000
2022-09-11 23:29:48 [main] INFO  com.zaxxer.hikari.HikariDataSource - HikariPool-1 - Starting...
2022-09-11 23:29:48 [main] INFO  com.zaxxer.hikari.HikariDataSource - HikariPool-1 - Start completed.
2022-09-11 23:29:48 [main] INFO  org.hibernate.dialect.Dialect - HHH000400: Using dialect: org.hibernate.dialect.MySQL8Dialect
2022-09-11 23:29:49 [main] INFO  o.h.e.t.j.p.i.JtaPlatformInitiator - HHH000490: Using JtaPlatform implementation: [org.hibernate.engine.transaction.jta.platform.internal.NoJtaPlatform]
2022-09-11 23:29:49 [main] INFO  o.s.o.j.LocalContainerEntityManagerFactoryBean - Initialized JPA EntityManagerFactory for persistence unit 'default'
2022-09-11 23:29:49 [main] WARN  o.s.b.a.o.j.JpaBaseConfiguration$JpaWebConfiguration - spring.jpa.open-in-view is enabled by default. Therefore, database queries may be performed during view rendering. Explicitly configure spring.jpa.open-in-view to disable this warning
2022-09-11 23:29:51 [main] INFO  o.s.s.web.DefaultSecurityFilterChain - Will secure any request with [org.springframework.security.web.session.DisableEncodeUrlFilter@7a74672, org.springframework.security.web.context.request.async.WebAsyncManagerIntegrationFilter@35b79b1f, org.springframework.security.web.context.SecurityContextPersistenceFilter@72ea6fcb, org.springframework.security.web.header.HeaderWriterFilter@2823b7c5, org.springframework.security.web.csrf.CsrfFilter@2087c939, org.springframework.security.web.authentication.logout.LogoutFilter@6c4e486e, org.springframework.security.oauth2.client.web.OAuth2AuthorizationRequestRedirectFilter@3e3bf77b, org.springframework.security.oauth2.client.web.OAuth2AuthorizationRequestRedirectFilter@16602333, org.springframework.security.oauth2.client.web.OAuth2LoginAuthenticationFilter@41e76252, org.springframework.security.web.authentication.ui.DefaultLoginPageGeneratingFilter@7254a68a, org.springframework.security.web.authentication.ui.DefaultLogoutPageGeneratingFilter@664083f6, org.springframework.security.web.savedrequest.RequestCacheAwareFilter@4154ecd3, org.springframework.security.web.servletapi.SecurityContextHolderAwareRequestFilter@b53ce18, org.springframework.security.web.authentication.AnonymousAuthenticationFilter@5a8835c6, org.springframework.security.oauth2.client.web.OAuth2AuthorizationCodeGrantFilter@6bb71265, org.springframework.security.web.session.SessionManagementFilter@6f6c6c70, org.springframework.security.web.access.ExceptionTranslationFilter@12aa2cca, org.springframework.security.web.access.intercept.FilterSecurityInterceptor@2b76ecd5]
2022-09-11 23:29:51 [main] INFO  o.a.coyote.http11.Http11NioProtocol - Starting ProtocolHandler ["http-nio-8180"]
2022-09-11 23:29:51 [main] INFO  o.s.b.w.e.tomcat.TomcatWebServer - Tomcat started on port(s): 8180 (http) with context path ''
2022-09-11 23:29:51 [main] INFO  c.m.f.b.c.BloopCensorshipServiceApplication - Started BloopCensorshipServiceApplication in 15.542 seconds (JVM running for 16.439)
2022-09-11 23:32:27 [background-preinit] INFO  o.h.validator.internal.util.Version - HV000001: Hibernate Validator 6.2.4.Final
2022-09-11 23:32:27 [main] INFO  o.s.c.c.c.ConfigServerConfigDataLoader - Fetching config from server at : http://localhost:8888
2022-09-11 23:32:27 [main] INFO  o.s.c.c.c.ConfigServerConfigDataLoader - Located environment: name=bloop-censorship-service, config-client, profiles=[bloop_censorship_service], label=null, version=28e5988448ebd94b39a8e343416c6d12fc8b4c6b, state=null
2022-09-11 23:32:30 [main] INFO  o.s.c.c.c.ConfigServicePropertySourceLocator - Fetching config from server at : http://localhost:8888
2022-09-11 23:32:32 [main] INFO  o.s.c.c.c.ConfigServicePropertySourceLocator - Located environment: name=bloop-censorship-service, config-client, profiles=[default], label=null, version=28e5988448ebd94b39a8e343416c6d12fc8b4c6b, state=null
2022-09-11 23:32:32 [main] INFO  o.s.c.b.c.PropertySourceBootstrapConfiguration - Located property source: [BootstrapPropertySource {name='bootstrapProperties-configClient'}, BootstrapPropertySource {name='bootstrapProperties-https://github.com/TafMandava/bloop-config.git/config-client.yml'}]
2022-09-11 23:32:32 [main] INFO  c.m.f.b.c.BloopCensorshipServiceApplication - The following 1 profile is active: "bloop_censorship_service"
2022-09-11 23:32:32 [main] INFO  o.s.c.c.c.ConfigServerConfigDataLoader - Fetching config from server at : http://localhost:8888
2022-09-11 23:32:32 [main] INFO  o.s.c.c.c.ConfigServerConfigDataLoader - Located environment: name=bloop-censorship-service, config-client, profiles=[bloop_censorship_service], label=null, version=28e5988448ebd94b39a8e343416c6d12fc8b4c6b, state=null
2022-09-11 23:32:33 [main] INFO  o.s.d.r.c.RepositoryConfigurationDelegate - Bootstrapping Spring Data JPA repositories in DEFAULT mode.
2022-09-11 23:32:33 [main] INFO  o.s.d.r.c.RepositoryConfigurationDelegate - Finished Spring Data repository scanning in 5 ms. Found 0 JPA repository interfaces.
2022-09-11 23:32:33 [main] INFO  o.s.cloud.context.scope.GenericScope - BeanFactory id=aea8b68f-a8bc-3ec9-85e0-71f5596b2b7f
2022-09-11 23:32:33 [main] INFO  o.s.b.w.e.tomcat.TomcatWebServer - Tomcat initialized with port(s): 8180 (http)
2022-09-11 23:32:33 [main] INFO  o.a.coyote.http11.Http11NioProtocol - Initializing ProtocolHandler ["http-nio-8180"]
2022-09-11 23:32:33 [main] INFO  o.a.catalina.core.StandardService - Starting service [Tomcat]
2022-09-11 23:32:33 [main] INFO  o.a.catalina.core.StandardEngine - Starting Servlet engine: [Apache Tomcat/9.0.65]
2022-09-11 23:32:33 [main] INFO  o.a.c.c.C.[Tomcat].[localhost].[/] - Initializing Spring embedded WebApplicationContext
2022-09-11 23:32:33 [main] INFO  o.s.b.w.s.c.ServletWebServerApplicationContext - Root WebApplicationContext: initialization completed in 1126 ms
2022-09-11 23:32:34 [main] DEBUG com.zaxxer.hikari.HikariConfig - Driver class com.mysql.cj.jdbc.Driver found in Thread context class loader jdk.internal.loader.ClassLoaders$AppClassLoader@42110406
2022-09-11 23:32:34 [main] INFO  o.h.jpa.internal.util.LogHelper - HHH000204: Processing PersistenceUnitInfo [name: default]
2022-09-11 23:32:34 [main] INFO  org.hibernate.Version - HHH000412: Hibernate ORM core version 5.6.10.Final
2022-09-11 23:32:34 [main] INFO  o.h.annotations.common.Version - HCANN000001: Hibernate Commons Annotations {5.1.2.Final}
2022-09-11 23:32:34 [main] DEBUG com.zaxxer.hikari.HikariConfig - HikariPool-1 - configuration:
2022-09-11 23:32:34 [main] DEBUG com.zaxxer.hikari.HikariConfig - allowPoolSuspension................................false
2022-09-11 23:32:34 [main] DEBUG com.zaxxer.hikari.HikariConfig - autoCommit................................true
2022-09-11 23:32:34 [main] DEBUG com.zaxxer.hikari.HikariConfig - catalog................................none
2022-09-11 23:32:34 [main] DEBUG com.zaxxer.hikari.HikariConfig - connectionInitSql................................none
2022-09-11 23:32:34 [main] DEBUG com.zaxxer.hikari.HikariConfig - connectionTestQuery................................none
2022-09-11 23:32:34 [main] DEBUG com.zaxxer.hikari.HikariConfig - connectionTimeout................................30000
2022-09-11 23:32:34 [main] DEBUG com.zaxxer.hikari.HikariConfig - dataSource................................none
2022-09-11 23:32:34 [main] DEBUG com.zaxxer.hikari.HikariConfig - dataSourceClassName................................none
2022-09-11 23:32:34 [main] DEBUG com.zaxxer.hikari.HikariConfig - dataSourceJNDI................................none
2022-09-11 23:32:34 [main] DEBUG com.zaxxer.hikari.HikariConfig - dataSourceProperties................................{maintainTimeStats=false, password=<masked>, rewriteBatchedStatements=true, prepStmtCacheSqlLimit=2048, elideSetAutoCommits=true, cacheResultSetMetadata=true, cachePrepStmts=true, prepStmtCacheSize=250, useServerPrepStmts=true, useLocalSessionState=true, cacheServerConfiguration=true}
2022-09-11 23:32:34 [main] DEBUG com.zaxxer.hikari.HikariConfig - driverClassName................................"com.mysql.cj.jdbc.Driver"
2022-09-11 23:32:34 [main] DEBUG com.zaxxer.hikari.HikariConfig - exceptionOverrideClassName................................none
2022-09-11 23:32:34 [main] DEBUG com.zaxxer.hikari.HikariConfig - healthCheckProperties................................{}
2022-09-11 23:32:34 [main] DEBUG com.zaxxer.hikari.HikariConfig - healthCheckRegistry................................none
2022-09-11 23:32:34 [main] DEBUG com.zaxxer.hikari.HikariConfig - idleTimeout................................600000
2022-09-11 23:32:34 [main] DEBUG com.zaxxer.hikari.HikariConfig - initializationFailTimeout................................1
2022-09-11 23:32:34 [main] DEBUG com.zaxxer.hikari.HikariConfig - isolateInternalQueries................................false
2022-09-11 23:32:34 [main] DEBUG com.zaxxer.hikari.HikariConfig - jdbcUrl................................jdbc:mysql://127.0.0.1:3306/bloop?useUnicode=true&characterEncoding=UTF-8&serverTimezone=UTC
2022-09-11 23:32:34 [main] DEBUG com.zaxxer.hikari.HikariConfig - keepaliveTime................................0
2022-09-11 23:32:34 [main] DEBUG com.zaxxer.hikari.HikariConfig - leakDetectionThreshold................................0
2022-09-11 23:32:34 [main] DEBUG com.zaxxer.hikari.HikariConfig - maxLifetime................................1800000
2022-09-11 23:32:34 [main] DEBUG com.zaxxer.hikari.HikariConfig - maximumPoolSize................................5
2022-09-11 23:32:34 [main] DEBUG com.zaxxer.hikari.HikariConfig - metricRegistry................................none
2022-09-11 23:32:34 [main] DEBUG com.zaxxer.hikari.HikariConfig - metricsTrackerFactory................................none
2022-09-11 23:32:34 [main] DEBUG com.zaxxer.hikari.HikariConfig - minimumIdle................................5
2022-09-11 23:32:34 [main] DEBUG com.zaxxer.hikari.HikariConfig - password................................<masked>
2022-09-11 23:32:34 [main] DEBUG com.zaxxer.hikari.HikariConfig - poolName................................"HikariPool-1"
2022-09-11 23:32:34 [main] DEBUG com.zaxxer.hikari.HikariConfig - readOnly................................false
2022-09-11 23:32:34 [main] DEBUG com.zaxxer.hikari.HikariConfig - registerMbeans................................false
2022-09-11 23:32:34 [main] DEBUG com.zaxxer.hikari.HikariConfig - scheduledExecutor................................none
2022-09-11 23:32:34 [main] DEBUG com.zaxxer.hikari.HikariConfig - schema................................none
2022-09-11 23:32:34 [main] DEBUG com.zaxxer.hikari.HikariConfig - threadFactory................................internal
2022-09-11 23:32:34 [main] DEBUG com.zaxxer.hikari.HikariConfig - transactionIsolation................................default
2022-09-11 23:32:34 [main] DEBUG com.zaxxer.hikari.HikariConfig - username................................"bloop"
2022-09-11 23:32:34 [main] DEBUG com.zaxxer.hikari.HikariConfig - validationTimeout................................5000
2022-09-11 23:32:34 [main] INFO  com.zaxxer.hikari.HikariDataSource - HikariPool-1 - Starting...
2022-09-11 23:32:34 [main] INFO  com.zaxxer.hikari.HikariDataSource - HikariPool-1 - Start completed.
2022-09-11 23:32:34 [main] INFO  org.hibernate.dialect.Dialect - HHH000400: Using dialect: org.hibernate.dialect.MySQL8Dialect
2022-09-11 23:32:35 [main] INFO  o.h.e.t.j.p.i.JtaPlatformInitiator - HHH000490: Using JtaPlatform implementation: [org.hibernate.engine.transaction.jta.platform.internal.NoJtaPlatform]
2022-09-11 23:32:35 [main] INFO  o.s.o.j.LocalContainerEntityManagerFactoryBean - Initialized JPA EntityManagerFactory for persistence unit 'default'
2022-09-11 23:32:35 [main] WARN  o.s.b.a.o.j.JpaBaseConfiguration$JpaWebConfiguration - spring.jpa.open-in-view is enabled by default. Therefore, database queries may be performed during view rendering. Explicitly configure spring.jpa.open-in-view to disable this warning
2022-09-11 23:32:36 [main] INFO  o.s.s.web.DefaultSecurityFilterChain - Will secure any request with [org.springframework.security.web.session.DisableEncodeUrlFilter@7a74672, org.springframework.security.web.context.request.async.WebAsyncManagerIntegrationFilter@35b79b1f, org.springframework.security.web.context.SecurityContextPersistenceFilter@72ea6fcb, org.springframework.security.web.header.HeaderWriterFilter@2823b7c5, org.springframework.security.web.csrf.CsrfFilter@2087c939, org.springframework.security.web.authentication.logout.LogoutFilter@6c4e486e, org.springframework.security.oauth2.client.web.OAuth2AuthorizationRequestRedirectFilter@3e3bf77b, org.springframework.security.oauth2.client.web.OAuth2AuthorizationRequestRedirectFilter@16602333, org.springframework.security.oauth2.client.web.OAuth2LoginAuthenticationFilter@41e76252, org.springframework.security.web.authentication.ui.DefaultLoginPageGeneratingFilter@7254a68a, org.springframework.security.web.authentication.ui.DefaultLogoutPageGeneratingFilter@664083f6, org.springframework.security.web.savedrequest.RequestCacheAwareFilter@4154ecd3, org.springframework.security.web.servletapi.SecurityContextHolderAwareRequestFilter@b53ce18, org.springframework.security.web.authentication.AnonymousAuthenticationFilter@5a8835c6, org.springframework.security.oauth2.client.web.OAuth2AuthorizationCodeGrantFilter@6bb71265, org.springframework.security.web.session.SessionManagementFilter@6f6c6c70, org.springframework.security.web.access.ExceptionTranslationFilter@12aa2cca, org.springframework.security.web.access.intercept.FilterSecurityInterceptor@2b76ecd5]
2022-09-11 23:32:36 [main] INFO  o.a.coyote.http11.Http11NioProtocol - Starting ProtocolHandler ["http-nio-8180"]
2022-09-11 23:32:36 [main] INFO  o.s.b.w.e.tomcat.TomcatWebServer - Tomcat started on port(s): 8180 (http) with context path ''
2022-09-11 23:32:36 [main] INFO  c.m.f.b.c.BloopCensorshipServiceApplication - Started BloopCensorshipServiceApplication in 12.919 seconds (JVM running for 13.888)
